<?xml version="1.0" encoding="UTF-8"?>
<!-- Generated by org.testng.reporters.JUnitXMLReporter -->
<testsuite ignored="0" hostname="ATMECSINLT-038" failures="1" tests="113" name="HomepageTest" time="41.883" errors="0" timestamp="03 Oct 2019 06:00:55 GMT">
  <testcase classname="com.atmecs.extentReports.ExtentReport" name="@AfterMethod tearDown" time="4.01">
    <failure type="org.openqa.selenium.WebDriverException" message="java.net.ConnectException: Failed to connect to localhost/0:0:0:0:0:0:0:1:29580
Build info: version: &amp;apos;3.141.59&amp;apos;, revision: &amp;apos;e82be7d358&amp;apos;, time: &amp;apos;2018-11-14T08:17:03&amp;apos;
System info: host: &amp;apos;ATMECSINLT-038&amp;apos;, ip: &amp;apos;55.55.52.193&amp;apos;, os.name: &amp;apos;Windows 10&amp;apos;, os.arch: &amp;apos;amd64&amp;apos;, os.version: &amp;apos;10.0&amp;apos;, java.version: &amp;apos;12.0.1&amp;apos;
Driver info: driver.version: RemoteWebDriver">
      <![CDATA[org.openqa.selenium.WebDriverException: java.net.ConnectException: Failed to connect to localhost/0:0:0:0:0:0:0:1:29580
Build info: version: '3.141.59', revision: 'e82be7d358', time: '2018-11-14T08:17:03'
System info: host: 'ATMECSINLT-038', ip: '55.55.52.193', os.name: 'Windows 10', os.arch: 'amd64', os.version: '10.0', java.version: '12.0.1'
Driver info: driver.version: RemoteWebDriver
at org.openqa.selenium.remote.service.DriverCommandExecutor.execute(DriverCommandExecutor.java:92)
at org.openqa.selenium.remote.RemoteWebDriver.execute(RemoteWebDriver.java:552)
at org.openqa.selenium.remote.RemoteWebDriver.execute(RemoteWebDriver.java:609)
at org.openqa.selenium.remote.RemoteWebDriver.getScreenshotAs(RemoteWebDriver.java:295)
at com.atmecs.extentReports.ExtentReport.getScreenshot(ExtentReport.java:52)
at com.atmecs.extentReports.ExtentReport.tearDown(ExtentReport.java:73)
at java.base/java.util.concurrent.FutureTask.run(FutureTask.java:264)
at java.base/java.util.concurrent.ThreadPoolExecutor.runWorker(ThreadPoolExecutor.java:1128)
at java.base/java.util.concurrent.ThreadPoolExecutor$Worker.run(ThreadPoolExecutor.java:628)
at java.base/java.lang.Thread.run(Thread.java:835)
Caused by: java.net.ConnectException: Failed to connect to localhost/0:0:0:0:0:0:0:1:29580
at okhttp3.internal.connection.RealConnection.connectSocket(RealConnection.java:247)
at okhttp3.internal.connection.RealConnection.connect(RealConnection.java:165)
at okhttp3.internal.connection.StreamAllocation.findConnection(StreamAllocation.java:257)
at okhttp3.internal.connection.StreamAllocation.findHealthyConnection(StreamAllocation.java:135)
at okhttp3.internal.connection.StreamAllocation.newStream(StreamAllocation.java:114)
at okhttp3.internal.connection.ConnectInterceptor.intercept(ConnectInterceptor.java:42)
at okhttp3.internal.http.RealInterceptorChain.proceed(RealInterceptorChain.java:147)
at okhttp3.internal.http.RealInterceptorChain.proceed(RealInterceptorChain.java:121)
at okhttp3.internal.cache.CacheInterceptor.intercept(CacheInterceptor.java:93)
at okhttp3.internal.http.RealInterceptorChain.proceed(RealInterceptorChain.java:147)
at okhttp3.internal.http.RealInterceptorChain.proceed(RealInterceptorChain.java:121)
at okhttp3.internal.http.BridgeInterceptor.intercept(BridgeInterceptor.java:93)
at okhttp3.internal.http.RealInterceptorChain.proceed(RealInterceptorChain.java:147)
at okhttp3.internal.http.RetryAndFollowUpInterceptor.intercept(RetryAndFollowUpInterceptor.java:126)
at okhttp3.internal.http.RealInterceptorChain.proceed(RealInterceptorChain.java:147)
at okhttp3.internal.http.RealInterceptorChain.proceed(RealInterceptorChain.java:121)
at okhttp3.RealCall.getResponseWithInterceptorChain(RealCall.java:200)
at okhttp3.RealCall.execute(RealCall.java:77)
at org.openqa.selenium.remote.internal.OkHttpClient.execute(OkHttpClient.java:103)
at org.openqa.selenium.remote.HttpCommandExecutor.execute(HttpCommandExecutor.java:155)
at org.openqa.selenium.remote.service.DriverCommandExecutor.execute(DriverCommandExecutor.java:83)
... 27 more
Caused by: java.net.ConnectException: Connection refused: connect
at java.base/java.net.PlainSocketImpl.waitForConnect(Native Method)
at java.base/java.net.PlainSocketImpl.socketConnect(PlainSocketImpl.java:107)
at java.base/java.net.AbstractPlainSocketImpl.doConnect(AbstractPlainSocketImpl.java:399)
at java.base/java.net.AbstractPlainSocketImpl.connectToAddress(AbstractPlainSocketImpl.java:242)
at java.base/java.net.AbstractPlainSocketImpl.connect(AbstractPlainSocketImpl.java:224)
at java.base/java.net.SocksSocketImpl.connect(SocksSocketImpl.java:403)
at java.base/java.net.Socket.connect(Socket.java:591)
at okhttp3.internal.platform.Platform.connectSocket(Platform.java:129)
at okhttp3.internal.connection.RealConnection.connectSocket(RealConnection.java:245)
... 47 more
... Removed 18 stack frames]]>
    </failure>
  </testcase> <!-- @AfterMethod tearDown -->
  <testcase classname="com.atmecs.extentReports.ExtentReport" name="@AfterMethod tearDown" time="0.0">
    <skipped/>
  </testcase> <!-- @AfterMethod tearDown -->
  <testcase classname="com.atmecs.extentReports.ExtentReport" name="@AfterMethod tearDown" time="0.0">
    <skipped/>
  </testcase> <!-- @AfterMethod tearDown -->
  <testcase classname="com.atmecs.extentReports.ExtentReport" name="@AfterMethod tearDown" time="0.0">
    <skipped/>
  </testcase> <!-- @AfterMethod tearDown -->
  <testcase classname="com.atmecs.extentReports.ExtentReport" name="@AfterMethod tearDown" time="0.0">
    <skipped/>
  </testcase> <!-- @AfterMethod tearDown -->
  <testcase classname="com.atmecs.extentReports.ExtentReport" name="@AfterMethod tearDown" time="0.0">
    <skipped/>
  </testcase> <!-- @AfterMethod tearDown -->
  <testcase classname="com.atmecs.extentReports.ExtentReport" name="@AfterMethod tearDown" time="0.0">
    <skipped/>
  </testcase> <!-- @AfterMethod tearDown -->
  <testcase classname="com.atmecs.extentReports.ExtentReport" name="@AfterMethod tearDown" time="0.0">
    <skipped/>
  </testcase> <!-- @AfterMethod tearDown -->
  <testcase classname="com.atmecs.extentReports.ExtentReport" name="@AfterMethod tearDown" time="0.0">
    <skipped/>
  </testcase> <!-- @AfterMethod tearDown -->
  <testcase classname="com.atmecs.extentReports.ExtentReport" name="@AfterMethod tearDown" time="0.0">
    <skipped/>
  </testcase> <!-- @AfterMethod tearDown -->
  <testcase classname="com.atmecs.extentReports.ExtentReport" name="@AfterMethod tearDown" time="0.0">
    <skipped/>
  </testcase> <!-- @AfterMethod tearDown -->
  <testcase classname="com.atmecs.extentReports.ExtentReport" name="@AfterMethod tearDown" time="0.0">
    <skipped/>
  </testcase> <!-- @AfterMethod tearDown -->
  <testcase classname="com.atmecs.extentReports.ExtentReport" name="@AfterMethod tearDown" time="0.0">
    <skipped/>
  </testcase> <!-- @AfterMethod tearDown -->
  <testcase classname="com.atmecs.extentReports.ExtentReport" name="@AfterMethod tearDown" time="0.0">
    <skipped/>
  </testcase> <!-- @AfterMethod tearDown -->
  <testcase classname="com.atmecs.extentReports.ExtentReport" name="@AfterMethod tearDown" time="0.0">
    <skipped/>
  </testcase> <!-- @AfterMethod tearDown -->
  <testcase classname="com.atmecs.extentReports.ExtentReport" name="@AfterMethod tearDown" time="0.0">
    <skipped/>
  </testcase> <!-- @AfterMethod tearDown -->
  <testcase classname="com.atmecs.extentReports.ExtentReport" name="@AfterMethod tearDown" time="0.0">
    <skipped/>
  </testcase> <!-- @AfterMethod tearDown -->
  <testcase classname="com.atmecs.extentReports.ExtentReport" name="@AfterMethod tearDown" time="0.0">
    <skipped/>
  </testcase> <!-- @AfterMethod tearDown -->
  <testcase classname="com.atmecs.extentReports.ExtentReport" name="@AfterMethod tearDown" time="0.0">
    <skipped/>
  </testcase> <!-- @AfterMethod tearDown -->
  <testcase classname="com.atmecs.extentReports.ExtentReport" name="@AfterMethod tearDown" time="0.0">
    <skipped/>
  </testcase> <!-- @AfterMethod tearDown -->
  <testcase classname="com.atmecs.extentReports.ExtentReport" name="@AfterMethod tearDown" time="0.0">
    <skipped/>
  </testcase> <!-- @AfterMethod tearDown -->
  <testcase classname="com.atmecs.extentReports.ExtentReport" name="@AfterMethod tearDown" time="0.0">
    <skipped/>
  </testcase> <!-- @AfterMethod tearDown -->
  <testcase classname="com.atmecs.extentReports.ExtentReport" name="@AfterMethod tearDown" time="0.0">
    <skipped/>
  </testcase> <!-- @AfterMethod tearDown -->
  <testcase classname="com.atmecs.extentReports.ExtentReport" name="@AfterMethod tearDown" time="0.0">
    <skipped/>
  </testcase> <!-- @AfterMethod tearDown -->
  <testcase classname="com.atmecs.extentReports.ExtentReport" name="@AfterMethod tearDown" time="0.0">
    <skipped/>
  </testcase> <!-- @AfterMethod tearDown -->
  <testcase classname="com.atmecs.extentReports.ExtentReport" name="@AfterMethod tearDown" time="0.0">
    <skipped/>
  </testcase> <!-- @AfterMethod tearDown -->
  <testcase classname="com.atmecs.extentReports.ExtentReport" name="@AfterMethod tearDown" time="0.0">
    <skipped/>
  </testcase> <!-- @AfterMethod tearDown -->
  <testcase classname="com.atmecs.extentReports.ExtentReport" name="@AfterMethod tearDown" time="0.0">
    <skipped/>
  </testcase> <!-- @AfterMethod tearDown -->
  <testcase classname="com.atmecs.extentReports.ExtentReport" name="@AfterMethod tearDown" time="0.0">
    <skipped/>
  </testcase> <!-- @AfterMethod tearDown -->
  <testcase classname="com.atmecs.extentReports.ExtentReport" name="@AfterMethod tearDown" time="0.0">
    <skipped/>
  </testcase> <!-- @AfterMethod tearDown -->
  <testcase classname="com.atmecs.extentReports.ExtentReport" name="@AfterMethod tearDown" time="0.0">
    <skipped/>
  </testcase> <!-- @AfterMethod tearDown -->
  <testcase classname="com.atmecs.extentReports.ExtentReport" name="@AfterMethod tearDown" time="0.0">
    <skipped/>
  </testcase> <!-- @AfterMethod tearDown -->
  <testcase classname="com.atmecs.extentReports.ExtentReport" name="@AfterMethod tearDown" time="0.0">
    <skipped/>
  </testcase> <!-- @AfterMethod tearDown -->
  <testcase classname="com.atmecs.extentReports.ExtentReport" name="@AfterMethod tearDown" time="0.0">
    <skipped/>
  </testcase> <!-- @AfterMethod tearDown -->
  <testcase classname="com.atmecs.extentReports.ExtentReport" name="@AfterMethod tearDown" time="0.0">
    <skipped/>
  </testcase> <!-- @AfterMethod tearDown -->
  <testcase classname="com.atmecs.extentReports.ExtentReport" name="@AfterMethod tearDown" time="0.0">
    <skipped/>
  </testcase> <!-- @AfterMethod tearDown -->
  <testcase classname="com.atmecs.extentReports.ExtentReport" name="@AfterMethod tearDown" time="0.0">
    <skipped/>
  </testcase> <!-- @AfterMethod tearDown -->
  <testcase classname="com.atmecs.extentReports.ExtentReport" name="@AfterMethod tearDown" time="0.0">
    <skipped/>
  </testcase> <!-- @AfterMethod tearDown -->
  <testcase classname="com.atmecs.extentReports.ExtentReport" name="@AfterMethod tearDown" time="0.0">
    <skipped/>
  </testcase> <!-- @AfterMethod tearDown -->
  <testcase classname="com.atmecs.extentReports.ExtentReport" name="@AfterMethod tearDown" time="0.0">
    <skipped/>
  </testcase> <!-- @AfterMethod tearDown -->
  <testcase classname="com.atmecs.extentReports.ExtentReport" name="@AfterMethod tearDown" time="0.0">
    <skipped/>
  </testcase> <!-- @AfterMethod tearDown -->
  <testcase classname="com.atmecs.extentReports.ExtentReport" name="@AfterMethod tearDown" time="0.0">
    <skipped/>
  </testcase> <!-- @AfterMethod tearDown -->
  <testcase classname="com.atmecs.extentReports.ExtentReport" name="@AfterMethod tearDown" time="0.0">
    <skipped/>
  </testcase> <!-- @AfterMethod tearDown -->
  <testcase classname="com.atmecs.extentReports.ExtentReport" name="@AfterMethod tearDown" time="0.0">
    <skipped/>
  </testcase> <!-- @AfterMethod tearDown -->
  <testcase classname="com.atmecs.extentReports.ExtentReport" name="@AfterMethod tearDown" time="0.0">
    <skipped/>
  </testcase> <!-- @AfterMethod tearDown -->
  <testcase classname="com.atmecs.extentReports.ExtentReport" name="@AfterMethod tearDown" time="0.0">
    <skipped/>
  </testcase> <!-- @AfterMethod tearDown -->
  <testcase classname="com.atmecs.extentReports.ExtentReport" name="@AfterMethod tearDown" time="0.0">
    <skipped/>
  </testcase> <!-- @AfterMethod tearDown -->
  <testcase classname="com.atmecs.extentReports.ExtentReport" name="@AfterMethod tearDown" time="0.0">
    <skipped/>
  </testcase> <!-- @AfterMethod tearDown -->
  <testcase classname="com.atmecs.extentReports.ExtentReport" name="@AfterMethod tearDown" time="0.0">
    <skipped/>
  </testcase> <!-- @AfterMethod tearDown -->
  <testcase classname="com.atmecs.extentReports.ExtentReport" name="@AfterMethod tearDown" time="0.0">
    <skipped/>
  </testcase> <!-- @AfterMethod tearDown -->
  <testcase classname="com.atmecs.extentReports.ExtentReport" name="@AfterMethod tearDown" time="0.0">
    <skipped/>
  </testcase> <!-- @AfterMethod tearDown -->
  <testcase classname="com.atmecs.extentReports.ExtentReport" name="@AfterMethod tearDown" time="0.0">
    <skipped/>
  </testcase> <!-- @AfterMethod tearDown -->
  <testcase classname="com.atmecs.extentReports.ExtentReport" name="@AfterMethod tearDown" time="0.0">
    <skipped/>
  </testcase> <!-- @AfterMethod tearDown -->
  <testcase classname="com.atmecs.extentReports.ExtentReport" name="@AfterMethod tearDown" time="0.0">
    <skipped/>
  </testcase> <!-- @AfterMethod tearDown -->
  <testcase classname="com.atmecs.extentReports.ExtentReport" name="@AfterMethod tearDown" time="0.0">
    <skipped/>
  </testcase> <!-- @AfterMethod tearDown -->
  <testcase classname="com.atmecs.extentReports.ExtentReport" name="@AfterMethod tearDown" time="0.0">
    <skipped/>
  </testcase> <!-- @AfterMethod tearDown -->
  <testcase classname="com.atmecs.extentReports.ExtentReport" name="@AfterMethod tearDown" time="0.0">
    <skipped/>
  </testcase> <!-- @AfterMethod tearDown -->
  <testcase classname="com.atmecs.extentReports.ExtentReport" name="@AfterMethod tearDown" time="0.0">
    <skipped/>
  </testcase> <!-- @AfterMethod tearDown -->
  <testcase classname="com.atmecs.extentReports.ExtentReport" name="@AfterMethod tearDown" time="0.0">
    <skipped/>
  </testcase> <!-- @AfterMethod tearDown -->
  <testcase classname="com.atmecs.extentReports.ExtentReport" name="@AfterMethod tearDown" time="0.0">
    <skipped/>
  </testcase> <!-- @AfterMethod tearDown -->
  <testcase classname="com.atmecs.extentReports.ExtentReport" name="@AfterMethod tearDown" time="0.0">
    <skipped/>
  </testcase> <!-- @AfterMethod tearDown -->
  <testcase classname="com.atmecs.extentReports.ExtentReport" name="@AfterMethod tearDown" time="0.0">
    <skipped/>
  </testcase> <!-- @AfterMethod tearDown -->
  <testcase classname="com.atmecs.extentReports.ExtentReport" name="@AfterMethod tearDown" time="0.0">
    <skipped/>
  </testcase> <!-- @AfterMethod tearDown -->
  <testcase classname="com.atmecs.extentReports.ExtentReport" name="@AfterMethod tearDown" time="0.0">
    <skipped/>
  </testcase> <!-- @AfterMethod tearDown -->
  <testcase classname="com.atmecs.extentReports.ExtentReport" name="@AfterMethod tearDown" time="0.0">
    <skipped/>
  </testcase> <!-- @AfterMethod tearDown -->
  <testcase classname="com.atmecs.extentReports.ExtentReport" name="@AfterMethod tearDown" time="0.0">
    <skipped/>
  </testcase> <!-- @AfterMethod tearDown -->
  <testcase classname="com.atmecs.extentReports.ExtentReport" name="@AfterMethod tearDown" time="0.0">
    <skipped/>
  </testcase> <!-- @AfterMethod tearDown -->
  <testcase classname="com.atmecs.extentReports.ExtentReport" name="@AfterMethod tearDown" time="0.0">
    <skipped/>
  </testcase> <!-- @AfterMethod tearDown -->
  <testcase classname="com.atmecs.testScripts.HomePagetestscripts" name="homePageRedirection" time="0.063"/>
  <testcase classname="com.atmecs.testScripts.HomePagetestscripts" name="clickHeaderServices" time="4.805"/>
  <testcase classname="com.atmecs.testScripts.HomePagetestscripts" name="validatefooterForServices" time="0.525"/>
  <testcase classname="com.atmecs.testScripts.HomePagetestscripts" name="validatefooterForServices" time="0.091"/>
  <testcase classname="com.atmecs.testScripts.HomePagetestscripts" name="validatefooterForServices" time="0.101"/>
  <testcase classname="com.atmecs.testScripts.HomePagetestscripts" name="validatefooterForServices" time="0.501"/>
  <testcase classname="com.atmecs.testScripts.HomePagetestscripts" name="validatefooterForServices" time="0.088"/>
  <testcase classname="com.atmecs.testScripts.HomePagetestscripts" name="validatefooterForServices" time="0.089"/>
  <testcase classname="com.atmecs.testScripts.HomePagetestscripts" name="validatefooterForServices" time="0.504"/>
  <testcase classname="com.atmecs.testScripts.HomePagetestscripts" name="validatefooterForServices" time="0.091"/>
  <testcase classname="com.atmecs.testScripts.HomePagetestscripts" name="validatefooterForServices" time="0.096"/>
  <testcase classname="com.atmecs.testScripts.HomePagetestscripts" name="validatefooterForServices" time="0.499"/>
  <testcase classname="com.atmecs.testScripts.HomePagetestscripts" name="validatefooterForServices" time="0.074"/>
  <testcase classname="com.atmecs.testScripts.HomePagetestscripts" name="validatefooterForServices" time="0.102"/>
  <testcase classname="com.atmecs.testScripts.HomePagetestscripts" name="validatefooterForServices" time="0.47"/>
  <testcase classname="com.atmecs.testScripts.HomePagetestscripts" name="validatefooterForServices" time="0.083"/>
  <testcase classname="com.atmecs.testScripts.HomePagetestscripts" name="validatefooterForServices" time="0.0"/>
  <testcase classname="com.atmecs.testScripts.HomePagetestscripts" name="clickHeaderCareers" time="2.609"/>
  <testcase classname="com.atmecs.testScripts.HomePagetestscripts" name="validatefooterForCareers" time="0.147"/>
  <testcase classname="com.atmecs.testScripts.HomePagetestscripts" name="validatefooterForCareers" time="0.067"/>
  <testcase classname="com.atmecs.testScripts.HomePagetestscripts" name="validatefooterForCareers" time="0.072"/>
  <testcase classname="com.atmecs.testScripts.HomePagetestscripts" name="validatefooterForCareers" time="0.069"/>
  <testcase classname="com.atmecs.testScripts.HomePagetestscripts" name="validatefooterForCareers" time="0.071"/>
  <testcase classname="com.atmecs.testScripts.HomePagetestscripts" name="validatefooterForCareers" time="0.074"/>
  <testcase classname="com.atmecs.testScripts.HomePagetestscripts" name="validatefooterForCareers" time="0.065"/>
  <testcase classname="com.atmecs.testScripts.HomePagetestscripts" name="validatefooterForCareers" time="0.06"/>
  <testcase classname="com.atmecs.testScripts.HomePagetestscripts" name="validatefooterForCareers" time="0.062"/>
  <testcase classname="com.atmecs.testScripts.HomePagetestscripts" name="validatefooterForCareers" time="0.06"/>
  <testcase classname="com.atmecs.testScripts.HomePagetestscripts" name="validatefooterForCareers" time="0.055"/>
  <testcase classname="com.atmecs.testScripts.HomePagetestscripts" name="validatefooterForCareers" time="0.063"/>
  <testcase classname="com.atmecs.testScripts.HomePagetestscripts" name="validatefooterForCareers" time="0.075"/>
  <testcase classname="com.atmecs.testScripts.HomePagetestscripts" name="validatefooterForCareers" time="0.055"/>
  <testcase classname="com.atmecs.testScripts.HomePagetestscripts" name="validatefooterForCareers" time="0.002"/>
  <testcase classname="com.atmecs.testScripts.HomePagetestscripts" name="clickHeaderAboutUs" time="1.615"/>
  <testcase classname="com.atmecs.testScripts.HomePagetestscripts" name="validatefooterForAboutUs" time="0.391"/>
  <testcase classname="com.atmecs.testScripts.HomePagetestscripts" name="validatefooterForAboutUs" time="0.157"/>
  <testcase classname="com.atmecs.testScripts.HomePagetestscripts" name="validatefooterForAboutUs" time="0.386"/>
  <testcase classname="com.atmecs.testScripts.HomePagetestscripts" name="validatefooterForAboutUs" time="0.069"/>
  <testcase classname="com.atmecs.testScripts.HomePagetestscripts" name="validatefooterForAboutUs" time="0.347"/>
  <testcase classname="com.atmecs.testScripts.HomePagetestscripts" name="validatefooterForAboutUs" time="0.08"/>
  <testcase classname="com.atmecs.testScripts.HomePagetestscripts" name="validatefooterForAboutUs" time="0.38"/>
  <testcase classname="com.atmecs.testScripts.HomePagetestscripts" name="validatefooterForAboutUs" time="0.068"/>
  <testcase classname="com.atmecs.testScripts.HomePagetestscripts" name="validatefooterForAboutUs" time="0.355"/>
  <testcase classname="com.atmecs.testScripts.HomePagetestscripts" name="validatefooterForAboutUs" time="0.068"/>
  <testcase classname="com.atmecs.testScripts.HomePagetestscripts" name="validatefooterForAboutUs" time="0.403"/>
  <testcase classname="com.atmecs.testScripts.HomePagetestscripts" name="validatefooterForAboutUs" time="0.486">
    <failure type="org.openqa.selenium.NoSuchSessionException" message="invalid session id
Build info: version: &amp;apos;3.141.59&amp;apos;, revision: &amp;apos;e82be7d358&amp;apos;, time: &amp;apos;2018-11-14T08:17:03&amp;apos;
System info: host: &amp;apos;ATMECSINLT-038&amp;apos;, ip: &amp;apos;55.55.52.193&amp;apos;, os.name: &amp;apos;Windows 10&amp;apos;, os.arch: &amp;apos;amd64&amp;apos;, os.version: &amp;apos;10.0&amp;apos;, java.version: &amp;apos;12.0.1&amp;apos;
Driver info: org.openqa.selenium.chrome.ChromeDriver
Capabilities {acceptInsecureCerts: false, browserName: chrome, browserVersion: 77.0.3865.90, chrome: {chromedriverVersion: 77.0.3865.40 (f484704e052e0..., userDataDir: C:\Users\SAURAB~1.CHA\AppDa...}, goog:chromeOptions: {debuggerAddress: localhost:59450}, javascriptEnabled: true, networkConnectionEnabled: false, pageLoadStrategy: normal, platform: XP, platformName: XP, proxy: Proxy(), setWindowRect: true, strictFileInteractability: false, timeouts: {implicit: 0, pageLoad: 300000, script: 30000}, unhandledPromptBehavior: dismiss and notify}
Session ID: 4f19cca714f086d727893808b7f870df">
      <![CDATA[org.openqa.selenium.NoSuchSessionException: invalid session id
Build info: version: '3.141.59', revision: 'e82be7d358', time: '2018-11-14T08:17:03'
System info: host: 'ATMECSINLT-038', ip: '55.55.52.193', os.name: 'Windows 10', os.arch: 'amd64', os.version: '10.0', java.version: '12.0.1'
Driver info: org.openqa.selenium.chrome.ChromeDriver
Capabilities {acceptInsecureCerts: false, browserName: chrome, browserVersion: 77.0.3865.90, chrome: {chromedriverVersion: 77.0.3865.40 (f484704e052e0..., userDataDir: C:\Users\SAURAB~1.CHA\AppDa...}, goog:chromeOptions: {debuggerAddress: localhost:59450}, javascriptEnabled: true, networkConnectionEnabled: false, pageLoadStrategy: normal, platform: XP, platformName: XP, proxy: Proxy(), setWindowRect: true, strictFileInteractability: false, timeouts: {implicit: 0, pageLoad: 300000, script: 30000}, unhandledPromptBehavior: dismiss and notify}
Session ID: 4f19cca714f086d727893808b7f870df
at org.openqa.selenium.remote.http.W3CHttpResponseCodec.createException(W3CHttpResponseCodec.java:187)
at org.openqa.selenium.remote.http.W3CHttpResponseCodec.decode(W3CHttpResponseCodec.java:122)
at org.openqa.selenium.remote.http.W3CHttpResponseCodec.decode(W3CHttpResponseCodec.java:49)
at org.openqa.selenium.remote.HttpCommandExecutor.execute(HttpCommandExecutor.java:158)
at org.openqa.selenium.remote.service.DriverCommandExecutor.execute(DriverCommandExecutor.java:83)
at org.openqa.selenium.remote.RemoteWebDriver.execute(RemoteWebDriver.java:552)
at org.openqa.selenium.remote.RemoteWebElement.execute(RemoteWebElement.java:285)
at org.openqa.selenium.remote.RemoteWebElement.getText(RemoteWebElement.java:166)
at com.atmecs.helpers.WebUtility.getElement(WebUtility.java:97)
at com.atmecs.pages.HomePage.isFooterItemsPresent(HomePage.java:38)
at com.atmecs.testScripts.HomePagetestscripts.validatefooterForAboutUs(HomePagetestscripts.java:96)
at java.base/java.util.concurrent.FutureTask.run(FutureTask.java:264)
at java.base/java.util.concurrent.ThreadPoolExecutor.runWorker(ThreadPoolExecutor.java:1128)
at java.base/java.util.concurrent.ThreadPoolExecutor$Worker.run(ThreadPoolExecutor.java:628)
at java.base/java.lang.Thread.run(Thread.java:835)
... Removed 21 stack frames]]>
    </failure>
  </testcase> <!-- validatefooterForAboutUs -->
  <testcase classname="com.atmecs.testScripts.HomePagetestscripts" name="validatefooterForAboutUs" time="0.0">
    <skipped/>
  </testcase> <!-- validatefooterForAboutUs -->
  <testcase classname="com.atmecs.testScripts.HomePagetestscripts" name="validatefooterForAboutUs" time="0.0">
    <skipped/>
  </testcase> <!-- validatefooterForAboutUs -->
  <testcase classname="com.atmecs.testScripts.HomePagetestscripts" name="validatefooterForAboutUs" time="0.0">
    <skipped/>
  </testcase> <!-- validatefooterForAboutUs -->
  <testcase classname="com.atmecs.testScripts.HomePagetestscripts" name="clickHeaderPartners" time="0.001">
    <skipped/>
  </testcase> <!-- clickHeaderPartners -->
  <testcase classname="com.atmecs.testScripts.HomePagetestscripts" name="validatefooterForPartner" time="0.0">
    <skipped/>
  </testcase> <!-- validatefooterForPartner -->
  <testcase classname="com.atmecs.testScripts.HomePagetestscripts" name="validatefooterForPartner" time="0.0">
    <skipped/>
  </testcase> <!-- validatefooterForPartner -->
  <testcase classname="com.atmecs.testScripts.HomePagetestscripts" name="validatefooterForPartner" time="0.0">
    <skipped/>
  </testcase> <!-- validatefooterForPartner -->
  <testcase classname="com.atmecs.testScripts.HomePagetestscripts" name="validatefooterForPartner" time="0.0">
    <skipped/>
  </testcase> <!-- validatefooterForPartner -->
  <testcase classname="com.atmecs.testScripts.HomePagetestscripts" name="validatefooterForPartner" time="0.0">
    <skipped/>
  </testcase> <!-- validatefooterForPartner -->
  <testcase classname="com.atmecs.testScripts.HomePagetestscripts" name="validatefooterForPartner" time="0.0">
    <skipped/>
  </testcase> <!-- validatefooterForPartner -->
  <testcase classname="com.atmecs.testScripts.HomePagetestscripts" name="validatefooterForPartner" time="0.0">
    <skipped/>
  </testcase> <!-- validatefooterForPartner -->
  <testcase classname="com.atmecs.testScripts.HomePagetestscripts" name="validatefooterForPartner" time="0.0">
    <skipped/>
  </testcase> <!-- validatefooterForPartner -->
  <testcase classname="com.atmecs.testScripts.HomePagetestscripts" name="validatefooterForPartner" time="0.0">
    <skipped/>
  </testcase> <!-- validatefooterForPartner -->
  <testcase classname="com.atmecs.testScripts.HomePagetestscripts" name="validatefooterForPartner" time="0.0">
    <skipped/>
  </testcase> <!-- validatefooterForPartner -->
  <testcase classname="com.atmecs.testScripts.HomePagetestscripts" name="validatefooterForPartner" time="0.0">
    <skipped/>
  </testcase> <!-- validatefooterForPartner -->
  <testcase classname="com.atmecs.testScripts.HomePagetestscripts" name="validatefooterForPartner" time="0.0">
    <skipped/>
  </testcase> <!-- validatefooterForPartner -->
  <testcase classname="com.atmecs.testScripts.HomePagetestscripts" name="validatefooterForPartner" time="0.0">
    <skipped/>
  </testcase> <!-- validatefooterForPartner -->
  <testcase classname="com.atmecs.testScripts.HomePagetestscripts" name="validatefooterForPartner" time="0.0">
    <skipped/>
  </testcase> <!-- validatefooterForPartner -->
  <testcase classname="com.atmecs.testScripts.HomePagetestscripts" name="validatefooterForPartner" time="0.0">
    <skipped/>
  </testcase> <!-- validatefooterForPartner -->
  <testcase classname="com.atmecs.testScripts.HomePagetestscripts" name="clickHeaderMedia" time="0.0">
    <skipped/>
  </testcase> <!-- clickHeaderMedia -->
  <testcase classname="com.atmecs.testScripts.HomePagetestscripts" name="validatefooterForMedia" time="0.0">
    <skipped/>
  </testcase> <!-- validatefooterForMedia -->
  <testcase classname="com.atmecs.testScripts.HomePagetestscripts" name="validatefooterForMedia" time="0.0">
    <skipped/>
  </testcase> <!-- validatefooterForMedia -->
  <testcase classname="com.atmecs.testScripts.HomePagetestscripts" name="validatefooterForMedia" time="0.0">
    <skipped/>
  </testcase> <!-- validatefooterForMedia -->
  <testcase classname="com.atmecs.testScripts.HomePagetestscripts" name="validatefooterForMedia" time="0.0">
    <skipped/>
  </testcase> <!-- validatefooterForMedia -->
  <testcase classname="com.atmecs.testScripts.HomePagetestscripts" name="validatefooterForMedia" time="0.0">
    <skipped/>
  </testcase> <!-- validatefooterForMedia -->
  <testcase classname="com.atmecs.testScripts.HomePagetestscripts" name="validatefooterForMedia" time="0.0">
    <skipped/>
  </testcase> <!-- validatefooterForMedia -->
  <testcase classname="com.atmecs.testScripts.HomePagetestscripts" name="validatefooterForMedia" time="0.0">
    <skipped/>
  </testcase> <!-- validatefooterForMedia -->
  <testcase classname="com.atmecs.testScripts.HomePagetestscripts" name="validatefooterForMedia" time="0.0">
    <skipped/>
  </testcase> <!-- validatefooterForMedia -->
  <testcase classname="com.atmecs.testScripts.HomePagetestscripts" name="validatefooterForMedia" time="0.0">
    <skipped/>
  </testcase> <!-- validatefooterForMedia -->
  <testcase classname="com.atmecs.testScripts.HomePagetestscripts" name="validatefooterForMedia" time="0.0">
    <skipped/>
  </testcase> <!-- validatefooterForMedia -->
  <testcase classname="com.atmecs.testScripts.HomePagetestscripts" name="validatefooterForMedia" time="0.0">
    <skipped/>
  </testcase> <!-- validatefooterForMedia -->
  <testcase classname="com.atmecs.testScripts.HomePagetestscripts" name="validatefooterForMedia" time="0.0">
    <skipped/>
  </testcase> <!-- validatefooterForMedia -->
  <testcase classname="com.atmecs.testScripts.HomePagetestscripts" name="validatefooterForMedia" time="0.0">
    <skipped/>
  </testcase> <!-- validatefooterForMedia -->
  <testcase classname="com.atmecs.testScripts.HomePagetestscripts" name="validatefooterForMedia" time="0.0">
    <skipped/>
  </testcase> <!-- validatefooterForMedia -->
  <testcase classname="com.atmecs.testScripts.HomePagetestscripts" name="validatefooterForMedia" time="0.0">
    <skipped/>
  </testcase> <!-- validatefooterForMedia -->
  <testcase classname="com.atmecs.testScripts.HomePagetestscripts" name="clickContactUs" time="0.0">
    <skipped/>
  </testcase> <!-- clickContactUs -->
  <testcase classname="com.atmecs.testScripts.HomePagetestscripts" name="validatefooterForContacts" time="0.0">
    <skipped/>
  </testcase> <!-- validatefooterForContacts -->
  <testcase classname="com.atmecs.testScripts.HomePagetestscripts" name="validatefooterForContacts" time="0.0">
    <skipped/>
  </testcase> <!-- validatefooterForContacts -->
  <testcase classname="com.atmecs.testScripts.HomePagetestscripts" name="validatefooterForContacts" time="0.0">
    <skipped/>
  </testcase> <!-- validatefooterForContacts -->
  <testcase classname="com.atmecs.testScripts.HomePagetestscripts" name="validatefooterForContacts" time="0.0">
    <skipped/>
  </testcase> <!-- validatefooterForContacts -->
  <testcase classname="com.atmecs.testScripts.HomePagetestscripts" name="validatefooterForContacts" time="0.0">
    <skipped/>
  </testcase> <!-- validatefooterForContacts -->
  <testcase classname="com.atmecs.testScripts.HomePagetestscripts" name="validatefooterForContacts" time="0.0">
    <skipped/>
  </testcase> <!-- validatefooterForContacts -->
  <testcase classname="com.atmecs.testScripts.HomePagetestscripts" name="validatefooterForContacts" time="0.0">
    <skipped/>
  </testcase> <!-- validatefooterForContacts -->
  <testcase classname="com.atmecs.testScripts.HomePagetestscripts" name="validatefooterForContacts" time="0.0">
    <skipped/>
  </testcase> <!-- validatefooterForContacts -->
  <testcase classname="com.atmecs.testScripts.HomePagetestscripts" name="validatefooterForContacts" time="0.0">
    <skipped/>
  </testcase> <!-- validatefooterForContacts -->
  <testcase classname="com.atmecs.testScripts.HomePagetestscripts" name="validatefooterForContacts" time="0.0">
    <skipped/>
  </testcase> <!-- validatefooterForContacts -->
  <testcase classname="com.atmecs.testScripts.HomePagetestscripts" name="validatefooterForContacts" time="0.0">
    <skipped/>
  </testcase> <!-- validatefooterForContacts -->
  <testcase classname="com.atmecs.testScripts.HomePagetestscripts" name="validatefooterForContacts" time="0.0">
    <skipped/>
  </testcase> <!-- validatefooterForContacts -->
  <testcase classname="com.atmecs.testScripts.HomePagetestscripts" name="validatefooterForContacts" time="0.0">
    <skipped/>
  </testcase> <!-- validatefooterForContacts -->
  <testcase classname="com.atmecs.testScripts.HomePagetestscripts" name="validatefooterForContacts" time="0.0">
    <skipped/>
  </testcase> <!-- validatefooterForContacts -->
  <testcase classname="com.atmecs.testScripts.HomePagetestscripts" name="validatefooterForContacts" time="0.0">
    <skipped/>
  </testcase> <!-- validatefooterForContacts -->
  <testcase classname="com.atmecs.testScripts.HomePagetestscripts" name="clickInsights" time="0.0">
    <skipped/>
  </testcase> <!-- clickInsights -->
  <testcase classname="com.atmecs.testScripts.HomePagetestscripts" name="validatefooterForInsights" time="0.0">
    <skipped/>
  </testcase> <!-- validatefooterForInsights -->
  <testcase classname="com.atmecs.testScripts.HomePagetestscripts" name="validatefooterForInsights" time="0.0">
    <skipped/>
  </testcase> <!-- validatefooterForInsights -->
  <testcase classname="com.atmecs.testScripts.HomePagetestscripts" name="validatefooterForInsights" time="0.0">
    <skipped/>
  </testcase> <!-- validatefooterForInsights -->
  <testcase classname="com.atmecs.testScripts.HomePagetestscripts" name="validatefooterForInsights" time="0.0">
    <skipped/>
  </testcase> <!-- validatefooterForInsights -->
  <testcase classname="com.atmecs.testScripts.HomePagetestscripts" name="validatefooterForInsights" time="0.0">
    <skipped/>
  </testcase> <!-- validatefooterForInsights -->
  <testcase classname="com.atmecs.testScripts.HomePagetestscripts" name="validatefooterForInsights" time="0.0">
    <skipped/>
  </testcase> <!-- validatefooterForInsights -->
  <testcase classname="com.atmecs.testScripts.HomePagetestscripts" name="validatefooterForInsights" time="0.0">
    <skipped/>
  </testcase> <!-- validatefooterForInsights -->
  <testcase classname="com.atmecs.testScripts.HomePagetestscripts" name="validatefooterForInsights" time="0.0">
    <skipped/>
  </testcase> <!-- validatefooterForInsights -->
  <testcase classname="com.atmecs.testScripts.HomePagetestscripts" name="validatefooterForInsights" time="0.0">
    <skipped/>
  </testcase> <!-- validatefooterForInsights -->
  <testcase classname="com.atmecs.testScripts.HomePagetestscripts" name="validatefooterForInsights" time="0.0">
    <skipped/>
  </testcase> <!-- validatefooterForInsights -->
  <testcase classname="com.atmecs.testScripts.HomePagetestscripts" name="validatefooterForInsights" time="0.0">
    <skipped/>
  </testcase> <!-- validatefooterForInsights -->
  <testcase classname="com.atmecs.testScripts.HomePagetestscripts" name="validatefooterForInsights" time="0.0">
    <skipped/>
  </testcase> <!-- validatefooterForInsights -->
  <testcase classname="com.atmecs.testScripts.HomePagetestscripts" name="validatefooterForInsights" time="0.0">
    <skipped/>
  </testcase> <!-- validatefooterForInsights -->
  <testcase classname="com.atmecs.testScripts.HomePagetestscripts" name="validatefooterForInsights" time="0.0">
    <skipped/>
  </testcase> <!-- validatefooterForInsights -->
  <testcase classname="com.atmecs.testScripts.HomePagetestscripts" name="validatefooterForInsights" time="0.0">
    <skipped/>
  </testcase> <!-- validatefooterForInsights -->
</testsuite> <!-- HomepageTest -->
