<?xml version="1.0" encoding="UTF-8"?>
<testng-results ignored="0" total="6" passed="6" failed="0" skipped="0">
  <reporter-output>
  </reporter-output>
  <suite started-at="2019-10-03T11:52:19Z" name="Default suite" finished-at="2019-10-03T11:53:28Z" duration-ms="68898">
    <groups>
    </groups>
    <test started-at="2019-10-03T11:52:19Z" name="Default test" finished-at="2019-10-03T11:53:28Z" duration-ms="68898">
      <class name="com.atmecs.testScripts.HomePageMoreInfotestscripts">
        <test-method is-config="true" signature="startReport()[pri:0, instance:com.atmecs.testScripts.HomePageMoreInfotestscripts@1df82230]" started-at="2019-10-03T11:52:19Z" name="startReport" finished-at="2019-10-03T11:52:19Z" duration-ms="316" status="PASS">
          <reporter-output>
          </reporter-output>
        </test-method> <!-- startReport -->
        <test-method is-config="true" signature="intitailizeBrowser()[pri:0, instance:com.atmecs.testScripts.HomePageMoreInfotestscripts@1df82230]" started-at="2019-10-03T11:52:19Z" name="intitailizeBrowser" finished-at="2019-10-03T11:52:24Z" duration-ms="4717" status="PASS">
          <reporter-output>
          </reporter-output>
        </test-method> <!-- intitailizeBrowser -->
        <test-method signature="clickExplorenow()[pri:27, instance:com.atmecs.testScripts.HomePageMoreInfotestscripts@1df82230]" started-at="2019-10-03T11:52:24Z" name="clickExplorenow" finished-at="2019-10-03T11:52:33Z" duration-ms="9013" status="PASS">
          <reporter-output>
          </reporter-output>
        </test-method> <!-- clickExplorenow -->
        <test-method is-config="true" signature="tearDown(org.testng.ITestResult)[pri:0, instance:com.atmecs.testScripts.HomePageMoreInfotestscripts@1df82230]" started-at="2019-10-03T11:52:33Z" name="tearDown" finished-at="2019-10-03T11:52:33Z" duration-ms="8" status="PASS">
          <params>
            <param index="0">
              <value>
                <![CDATA[[TestResult name=clickExplorenow status=SUCCESS method=HomePageMoreInfotestscripts.clickExplorenow()[pri:27, instance:com.atmecs.testScripts.HomePageMoreInfotestscripts@1df82230] output={null}]]]>
              </value>
            </param>
          </params>
          <reporter-output>
          </reporter-output>
        </test-method> <!-- tearDown -->
        <test-method signature="clickMoreInfo(java.lang.String, java.lang.String)[pri:28, instance:com.atmecs.testScripts.HomePageMoreInfotestscripts@1df82230]" started-at="2019-10-03T11:52:34Z" name="clickMoreInfo" data-provider="breadcrumbAndTitle" finished-at="2019-10-03T11:52:45Z" duration-ms="10930" status="PASS">
          <params>
            <param index="0">
              <value>
                <![CDATA[Artificial Intelligence/Machine Learing | Leap at the possibilities of AI/ML]]>
              </value>
            </param>
            <param index="1">
              <value>
                <![CDATA[Home › Services › Digital Life › Artificial Intelligence / Machine Learning]]>
              </value>
            </param>
          </params>
          <reporter-output>
          </reporter-output>
        </test-method> <!-- clickMoreInfo -->
        <test-method signature="clickMoreInfo(java.lang.String, java.lang.String)[pri:28, instance:com.atmecs.testScripts.HomePageMoreInfotestscripts@1df82230]" started-at="2019-10-03T11:52:45Z" name="clickMoreInfo" data-provider="breadcrumbAndTitle" finished-at="2019-10-03T11:52:56Z" duration-ms="11457" status="PASS">
          <params>
            <param index="0">
              <value>
                <![CDATA[Mixed Reality | We engineer the technology. You achieve the unreal.]]>
              </value>
            </param>
            <param index="1">
              <value>
                <![CDATA[Home › Services › Digital Life › Augmented Reality / Virtual Reality]]>
              </value>
            </param>
          </params>
          <reporter-output>
          </reporter-output>
        </test-method> <!-- clickMoreInfo -->
        <test-method is-config="true" signature="tearDown(org.testng.ITestResult)[pri:0, instance:com.atmecs.testScripts.HomePageMoreInfotestscripts@1df82230]" started-at="2019-10-03T11:52:45Z" name="tearDown" finished-at="2019-10-03T11:52:45Z" duration-ms="0" status="PASS">
          <params>
            <param index="0">
              <value>
                <![CDATA[[TestResult name=clickMoreInfo status=SUCCESS method=HomePageMoreInfotestscripts.clickMoreInfo(java.lang.String, java.lang.String)[pri:28, instance:com.atmecs.testScripts.HomePageMoreInfotestscripts@1df82230] output={null}]]]>
              </value>
            </param>
          </params>
          <reporter-output>
          </reporter-output>
        </test-method> <!-- tearDown -->
        <test-method is-config="true" signature="tearDown(org.testng.ITestResult)[pri:0, instance:com.atmecs.testScripts.HomePageMoreInfotestscripts@1df82230]" started-at="2019-10-03T11:52:56Z" name="tearDown" finished-at="2019-10-03T11:52:56Z" duration-ms="4" status="PASS">
          <params>
            <param index="0">
              <value>
                <![CDATA[[TestResult name=clickMoreInfo status=SUCCESS method=HomePageMoreInfotestscripts.clickMoreInfo(java.lang.String, java.lang.String)[pri:28, instance:com.atmecs.testScripts.HomePageMoreInfotestscripts@1df82230] output={null}]]]>
              </value>
            </param>
          </params>
          <reporter-output>
          </reporter-output>
        </test-method> <!-- tearDown -->
        <test-method signature="clickMoreInfo(java.lang.String, java.lang.String)[pri:28, instance:com.atmecs.testScripts.HomePageMoreInfotestscripts@1df82230]" started-at="2019-10-03T11:52:56Z" name="clickMoreInfo" data-provider="breadcrumbAndTitle" finished-at="2019-10-03T11:53:09Z" duration-ms="12774" status="PASS">
          <params>
            <param index="0">
              <value>
                <![CDATA[Internet of Things | Reform your customer experience with IoT Data]]>
              </value>
            </param>
            <param index="1">
              <value>
                <![CDATA[Home › Services › Digital Life › Internet of Things]]>
              </value>
            </param>
          </params>
          <reporter-output>
          </reporter-output>
        </test-method> <!-- clickMoreInfo -->
        <test-method signature="clickMoreInfo(java.lang.String, java.lang.String)[pri:28, instance:com.atmecs.testScripts.HomePageMoreInfotestscripts@1df82230]" started-at="2019-10-03T11:53:09Z" name="clickMoreInfo" data-provider="breadcrumbAndTitle" finished-at="2019-10-03T11:53:20Z" duration-ms="11295" status="PASS">
          <params>
            <param index="0">
              <value>
                <![CDATA[RPA & ChatBOTs | Pave way for digital transformation with RPA]]>
              </value>
            </param>
            <param index="1">
              <value>
                <![CDATA[Home › Services › Digital Life › Robotic Process Automation & ChatBOTs]]>
              </value>
            </param>
          </params>
          <reporter-output>
          </reporter-output>
        </test-method> <!-- clickMoreInfo -->
        <test-method is-config="true" signature="tearDown(org.testng.ITestResult)[pri:0, instance:com.atmecs.testScripts.HomePageMoreInfotestscripts@1df82230]" started-at="2019-10-03T11:53:09Z" name="tearDown" finished-at="2019-10-03T11:53:09Z" duration-ms="0" status="PASS">
          <params>
            <param index="0">
              <value>
                <![CDATA[[TestResult name=clickMoreInfo status=SUCCESS method=HomePageMoreInfotestscripts.clickMoreInfo(java.lang.String, java.lang.String)[pri:28, instance:com.atmecs.testScripts.HomePageMoreInfotestscripts@1df82230] output={null}]]]>
              </value>
            </param>
          </params>
          <reporter-output>
          </reporter-output>
        </test-method> <!-- tearDown -->
        <test-method signature="clickMoreInfo(java.lang.String, java.lang.String)[pri:28, instance:com.atmecs.testScripts.HomePageMoreInfotestscripts@1df82230]" started-at="2019-10-03T11:53:20Z" name="clickMoreInfo" data-provider="breadcrumbAndTitle" finished-at="2019-10-03T11:53:27Z" duration-ms="6998" status="PASS">
          <params>
            <param index="0">
              <value>
                <![CDATA[Blockchain | ATMECS, Inc.]]>
              </value>
            </param>
            <param index="1">
              <value>
                <![CDATA[Home › Services › Digital Life › Blockchain]]>
              </value>
            </param>
          </params>
          <reporter-output>
          </reporter-output>
        </test-method> <!-- clickMoreInfo -->
        <test-method is-config="true" signature="tearDown(org.testng.ITestResult)[pri:0, instance:com.atmecs.testScripts.HomePageMoreInfotestscripts@1df82230]" started-at="2019-10-03T11:53:20Z" name="tearDown" finished-at="2019-10-03T11:53:20Z" duration-ms="0" status="PASS">
          <params>
            <param index="0">
              <value>
                <![CDATA[[TestResult name=clickMoreInfo status=SUCCESS method=HomePageMoreInfotestscripts.clickMoreInfo(java.lang.String, java.lang.String)[pri:28, instance:com.atmecs.testScripts.HomePageMoreInfotestscripts@1df82230] output={null}]]]>
              </value>
            </param>
          </params>
          <reporter-output>
          </reporter-output>
        </test-method> <!-- tearDown -->
        <test-method is-config="true" signature="tearDown(org.testng.ITestResult)[pri:0, instance:com.atmecs.testScripts.HomePageMoreInfotestscripts@1df82230]" started-at="2019-10-03T11:53:27Z" name="tearDown" finished-at="2019-10-03T11:53:27Z" duration-ms="0" status="PASS">
          <params>
            <param index="0">
              <value>
                <![CDATA[[TestResult name=clickMoreInfo status=SUCCESS method=HomePageMoreInfotestscripts.clickMoreInfo(java.lang.String, java.lang.String)[pri:28, instance:com.atmecs.testScripts.HomePageMoreInfotestscripts@1df82230] output={null}]]]>
              </value>
            </param>
          </params>
          <reporter-output>
          </reporter-output>
        </test-method> <!-- tearDown -->
        <test-method is-config="true" signature="print()[pri:0, instance:com.atmecs.testScripts.HomePageMoreInfotestscripts@1df82230]" started-at="2019-10-03T11:53:27Z" name="print" finished-at="2019-10-03T11:53:28Z" duration-ms="560" status="PASS">
          <reporter-output>
          </reporter-output>
        </test-method> <!-- print -->
        <test-method is-config="true" signature="endReport()[pri:0, instance:com.atmecs.testScripts.HomePageMoreInfotestscripts@1df82230]" started-at="2019-10-03T11:53:28Z" name="endReport" finished-at="2019-10-03T11:53:29Z" duration-ms="464" status="PASS">
          <reporter-output>
          </reporter-output>
        </test-method> <!-- endReport -->
      </class> <!-- com.atmecs.testScripts.HomePageMoreInfotestscripts -->
    </test> <!-- Default test -->
  </suite> <!-- Default suite -->
</testng-results>
