<?xml version="1.0" encoding="UTF-8"?>
<testsuite xmlns:xsi="http://www.w3.org/2001/XMLSchema-instance" xsi:noNamespaceSchemaLocation="https://maven.apache.org/surefire/maven-surefire-plugin/xsd/surefire-test-report-3.0.xsd" version="3.0" name="TestSuite" time="129.387" tests="132" errors="0" skipped="0" failures="7">
  <properties>
[...]
</properties>
  <testcase name="homePageRedirection" classname="com.atmecs.testScripts.HomePagetestscripts" time="0.108"/>
  <testcase name="clickHeaderServices" classname="com.atmecs.testScripts.HomePagetestscripts" time="5.607"/>
  <testcase name="validatefooterForServices" classname="com.atmecs.testScripts.HomePagetestscripts" time="0.061"/>
  <testcase name="validatefooterForServices" classname="com.atmecs.testScripts.HomePagetestscripts" time="0.055"/>
  <testcase name="validatefooterForServices" classname="com.atmecs.testScripts.HomePagetestscripts" time="0.054"/>
  <testcase name="validatefooterForServices" classname="com.atmecs.testScripts.HomePagetestscripts" time="0.05"/>
  <testcase name="validatefooterForServices" classname="com.atmecs.testScripts.HomePagetestscripts" time="0.049"/>
  <testcase name="validatefooterForServices" classname="com.atmecs.testScripts.HomePagetestscripts" time="0.046"/>
  <testcase name="validatefooterForServices" classname="com.atmecs.testScripts.HomePagetestscripts" time="0.048"/>
  <testcase name="validatefooterForServices" classname="com.atmecs.testScripts.HomePagetestscripts" time="0.045"/>
  <testcase name="validatefooterForServices" classname="com.atmecs.testScripts.HomePagetestscripts" time="0.061"/>
  <testcase name="validatefooterForServices" classname="com.atmecs.testScripts.HomePagetestscripts" time="0.058"/>
  <testcase name="validatefooterForServices" classname="com.atmecs.testScripts.HomePagetestscripts" time="0.05"/>
  <testcase name="validatefooterForServices" classname="com.atmecs.testScripts.HomePagetestscripts" time="0.049"/>
  <testcase name="validatefooterForServices" classname="com.atmecs.testScripts.HomePagetestscripts" time="0.049"/>
  <testcase name="validatefooterForServices" classname="com.atmecs.testScripts.HomePagetestscripts" time="0.044"/>
  <testcase name="validatefooterForServices" classname="com.atmecs.testScripts.HomePagetestscripts" time="0.001"/>
  <testcase name="clickHeaderCareers" classname="com.atmecs.testScripts.HomePagetestscripts" time="2.592"/>
  <testcase name="validatefooterForCareers" classname="com.atmecs.testScripts.HomePagetestscripts" time="0.078"/>
  <testcase name="validatefooterForCareers" classname="com.atmecs.testScripts.HomePagetestscripts" time="0.062"/>
  <testcase name="validatefooterForCareers" classname="com.atmecs.testScripts.HomePagetestscripts" time="0.06"/>
  <testcase name="validatefooterForCareers" classname="com.atmecs.testScripts.HomePagetestscripts" time="0.06"/>
  <testcase name="validatefooterForCareers" classname="com.atmecs.testScripts.HomePagetestscripts" time="0.06"/>
  <testcase name="validatefooterForCareers" classname="com.atmecs.testScripts.HomePagetestscripts" time="0.056"/>
  <testcase name="validatefooterForCareers" classname="com.atmecs.testScripts.HomePagetestscripts" time="0.053"/>
  <testcase name="validatefooterForCareers" classname="com.atmecs.testScripts.HomePagetestscripts" time="0.052"/>
  <testcase name="validatefooterForCareers" classname="com.atmecs.testScripts.HomePagetestscripts" time="0.046"/>
  <testcase name="validatefooterForCareers" classname="com.atmecs.testScripts.HomePagetestscripts" time="0.047"/>
  <testcase name="validatefooterForCareers" classname="com.atmecs.testScripts.HomePagetestscripts" time="0.057"/>
  <testcase name="validatefooterForCareers" classname="com.atmecs.testScripts.HomePagetestscripts" time="0.042"/>
  <testcase name="validatefooterForCareers" classname="com.atmecs.testScripts.HomePagetestscripts" time="0.049"/>
  <testcase name="validatefooterForCareers" classname="com.atmecs.testScripts.HomePagetestscripts" time="0.055"/>
  <testcase name="validatefooterForCareers" classname="com.atmecs.testScripts.HomePagetestscripts" time="0.001"/>
  <testcase name="clickHeaderAboutUs" classname="com.atmecs.testScripts.HomePagetestscripts" time="2.263"/>
  <testcase name="validatefooterForAboutUs" classname="com.atmecs.testScripts.HomePagetestscripts" time="0.048"/>
  <testcase name="validatefooterForAboutUs" classname="com.atmecs.testScripts.HomePagetestscripts" time="0.047"/>
  <testcase name="validatefooterForAboutUs" classname="com.atmecs.testScripts.HomePagetestscripts" time="0.048"/>
  <testcase name="validatefooterForAboutUs" classname="com.atmecs.testScripts.HomePagetestscripts" time="0.053"/>
  <testcase name="validatefooterForAboutUs" classname="com.atmecs.testScripts.HomePagetestscripts" time="0.042"/>
  <testcase name="validatefooterForAboutUs" classname="com.atmecs.testScripts.HomePagetestscripts" time="0.047"/>
  <testcase name="validatefooterForAboutUs" classname="com.atmecs.testScripts.HomePagetestscripts" time="0.046"/>
  <testcase name="validatefooterForAboutUs" classname="com.atmecs.testScripts.HomePagetestscripts" time="0.046"/>
  <testcase name="validatefooterForAboutUs" classname="com.atmecs.testScripts.HomePagetestscripts" time="0.051"/>
  <testcase name="validatefooterForAboutUs" classname="com.atmecs.testScripts.HomePagetestscripts" time="0.043"/>
  <testcase name="validatefooterForAboutUs" classname="com.atmecs.testScripts.HomePagetestscripts" time="0.047"/>
  <testcase name="validatefooterForAboutUs" classname="com.atmecs.testScripts.HomePagetestscripts" time="0.041"/>
  <testcase name="validatefooterForAboutUs" classname="com.atmecs.testScripts.HomePagetestscripts" time="0.044"/>
  <testcase name="validatefooterForAboutUs" classname="com.atmecs.testScripts.HomePagetestscripts" time="0.048"/>
  <testcase name="validatefooterForAboutUs" classname="com.atmecs.testScripts.HomePagetestscripts" time="0.001"/>
  <testcase name="clickHeaderPartners" classname="com.atmecs.testScripts.HomePagetestscripts" time="3.023"/>
  <testcase name="validatefooterForPartner" classname="com.atmecs.testScripts.HomePagetestscripts" time="0.095"/>
  <testcase name="validatefooterForPartner" classname="com.atmecs.testScripts.HomePagetestscripts" time="0.061"/>
  <testcase name="validatefooterForPartner" classname="com.atmecs.testScripts.HomePagetestscripts" time="0.049"/>
  <testcase name="validatefooterForPartner" classname="com.atmecs.testScripts.HomePagetestscripts" time="0.051"/>
  <testcase name="validatefooterForPartner" classname="com.atmecs.testScripts.HomePagetestscripts" time="0.051"/>
  <testcase name="validatefooterForPartner" classname="com.atmecs.testScripts.HomePagetestscripts" time="0.047"/>
  <testcase name="validatefooterForPartner" classname="com.atmecs.testScripts.HomePagetestscripts" time="0.059"/>
  <testcase name="validatefooterForPartner" classname="com.atmecs.testScripts.HomePagetestscripts" time="0.059"/>
  <testcase name="validatefooterForPartner" classname="com.atmecs.testScripts.HomePagetestscripts" time="0.048"/>
  <testcase name="validatefooterForPartner" classname="com.atmecs.testScripts.HomePagetestscripts" time="0.053"/>
  <testcase name="validatefooterForPartner" classname="com.atmecs.testScripts.HomePagetestscripts" time="0.042"/>
  <testcase name="validatefooterForPartner" classname="com.atmecs.testScripts.HomePagetestscripts" time="0.043"/>
  <testcase name="validatefooterForPartner" classname="com.atmecs.testScripts.HomePagetestscripts" time="0.042"/>
  <testcase name="validatefooterForPartner" classname="com.atmecs.testScripts.HomePagetestscripts" time="0.038"/>
  <testcase name="validatefooterForPartner" classname="com.atmecs.testScripts.HomePagetestscripts" time="0.002"/>
  <testcase name="clickHeaderMedia" classname="com.atmecs.testScripts.HomePagetestscripts" time="0.076"/>
  <testcase name="validatefooterForMedia" classname="com.atmecs.testScripts.HomePagetestscripts" time="0.054"/>
  <testcase name="validatefooterForMedia" classname="com.atmecs.testScripts.HomePagetestscripts" time="0.045"/>
  <testcase name="validatefooterForMedia" classname="com.atmecs.testScripts.HomePagetestscripts" time="0.045"/>
  <testcase name="validatefooterForMedia" classname="com.atmecs.testScripts.HomePagetestscripts" time="0.045"/>
  <testcase name="validatefooterForMedia" classname="com.atmecs.testScripts.HomePagetestscripts" time="0.04"/>
  <testcase name="validatefooterForMedia" classname="com.atmecs.testScripts.HomePagetestscripts" time="0.039"/>
  <testcase name="validatefooterForMedia" classname="com.atmecs.testScripts.HomePagetestscripts" time="0.042"/>
  <testcase name="validatefooterForMedia" classname="com.atmecs.testScripts.HomePagetestscripts" time="0.041"/>
  <testcase name="validatefooterForMedia" classname="com.atmecs.testScripts.HomePagetestscripts" time="0.036"/>
  <testcase name="validatefooterForMedia" classname="com.atmecs.testScripts.HomePagetestscripts" time="0.028"/>
  <testcase name="validatefooterForMedia" classname="com.atmecs.testScripts.HomePagetestscripts" time="0.026"/>
  <testcase name="validatefooterForMedia" classname="com.atmecs.testScripts.HomePagetestscripts" time="0.032"/>
  <testcase name="validatefooterForMedia" classname="com.atmecs.testScripts.HomePagetestscripts" time="0.031"/>
  <testcase name="validatefooterForMedia" classname="com.atmecs.testScripts.HomePagetestscripts" time="0.031"/>
  <testcase name="validatefooterForMedia" classname="com.atmecs.testScripts.HomePagetestscripts" time="0.002"/>
  <testcase name="clickContactUs" classname="com.atmecs.testScripts.HomePagetestscripts" time="2.348"/>
  <testcase name="validatefooterForContacts" classname="com.atmecs.testScripts.HomePagetestscripts" time="0.1"/>
  <testcase name="validatefooterForContacts" classname="com.atmecs.testScripts.HomePagetestscripts" time="0.053"/>
  <testcase name="validatefooterForContacts" classname="com.atmecs.testScripts.HomePagetestscripts" time="0.053"/>
  <testcase name="validatefooterForContacts" classname="com.atmecs.testScripts.HomePagetestscripts" time="0.053"/>
  <testcase name="validatefooterForContacts" classname="com.atmecs.testScripts.HomePagetestscripts" time="0.049"/>
  <testcase name="validatefooterForContacts" classname="com.atmecs.testScripts.HomePagetestscripts" time="0.065"/>
  <testcase name="validatefooterForContacts" classname="com.atmecs.testScripts.HomePagetestscripts" time="0.055"/>
  <testcase name="validatefooterForContacts" classname="com.atmecs.testScripts.HomePagetestscripts" time="0.051"/>
  <testcase name="validatefooterForContacts" classname="com.atmecs.testScripts.HomePagetestscripts" time="0.049"/>
  <testcase name="validatefooterForContacts" classname="com.atmecs.testScripts.HomePagetestscripts" time="0.047"/>
  <testcase name="validatefooterForContacts" classname="com.atmecs.testScripts.HomePagetestscripts" time="0.06"/>
  <testcase name="validatefooterForContacts" classname="com.atmecs.testScripts.HomePagetestscripts" time="0.048"/>
  <testcase name="validatefooterForContacts" classname="com.atmecs.testScripts.HomePagetestscripts" time="0.049"/>
  <testcase name="validatefooterForContacts" classname="com.atmecs.testScripts.HomePagetestscripts" time="0.05"/>
  <testcase name="validatefooterForContacts" classname="com.atmecs.testScripts.HomePagetestscripts" time="0.003"/>
  <testcase name="clickInsights" classname="com.atmecs.testScripts.HomePagetestscripts" time="0.098"/>
  <testcase name="validatefooterForInsights" classname="com.atmecs.testScripts.HomePagetestscripts" time="0.061"/>
  <testcase name="validatefooterForInsights" classname="com.atmecs.testScripts.HomePagetestscripts" time="0.046"/>
  <testcase name="validatefooterForInsights" classname="com.atmecs.testScripts.HomePagetestscripts" time="0.041"/>
  <testcase name="validatefooterForInsights" classname="com.atmecs.testScripts.HomePagetestscripts" time="0.041"/>
  <testcase name="validatefooterForInsights" classname="com.atmecs.testScripts.HomePagetestscripts" time="0.043"/>
  <testcase name="validatefooterForInsights" classname="com.atmecs.testScripts.HomePagetestscripts" time="0.043"/>
  <testcase name="validatefooterForInsights" classname="com.atmecs.testScripts.HomePagetestscripts" time="0.039"/>
  <testcase name="validatefooterForInsights" classname="com.atmecs.testScripts.HomePagetestscripts" time="0.039"/>
  <testcase name="validatefooterForInsights" classname="com.atmecs.testScripts.HomePagetestscripts" time="0.043"/>
  <testcase name="validatefooterForInsights" classname="com.atmecs.testScripts.HomePagetestscripts" time="0.042"/>
  <testcase name="validatefooterForInsights" classname="com.atmecs.testScripts.HomePagetestscripts" time="0.03"/>
  <testcase name="validatefooterForInsights" classname="com.atmecs.testScripts.HomePagetestscripts" time="0.026"/>
  <testcase name="validatefooterForInsights" classname="com.atmecs.testScripts.HomePagetestscripts" time="0.033"/>
  <testcase name="validatefooterForInsights" classname="com.atmecs.testScripts.HomePagetestscripts" time="0.031"/>
  <testcase name="validatefooterForInsights" classname="com.atmecs.testScripts.HomePagetestscripts" time="0.002"/>
  <testcase name="moveToDigitalLife" classname="com.atmecs.testScripts.ValidateAnchors" time="4.499"/>
  <testcase name="isDigitalLifeAnchorPresent" classname="com.atmecs.testScripts.ValidateAnchors" time="0.135">
    <failure message="footer is not present expected [Artificial Intelligence / Machine Learning] but found []" type="java.lang.AssertionError">java.lang.AssertionError: footer is not present expected [Artificial Intelligence / Machine Learning] but found []
	at com.atmecs.testScripts.ValidateAnchors.isDigitalLifeAnchorPresent(ValidateAnchors.java:37)
</failure>
    <system-out><![CDATA[logger executed
6
1

]]></system-out>
  </testcase>
  <testcase name="isDigitalLifeAnchorPresent" classname="com.atmecs.testScripts.ValidateAnchors" time="0.069"/>
  <testcase name="isDigitalLifeAnchorPresent" classname="com.atmecs.testScripts.ValidateAnchors" time="0.079"/>
  <testcase name="isDigitalLifeAnchorPresent" classname="com.atmecs.testScripts.ValidateAnchors" time="0.15"/>
  <testcase name="isDigitalLifeAnchorPresent" classname="com.atmecs.testScripts.ValidateAnchors" time="0.082"/>
  <testcase name="isDigitalLifeAnchorPresent" classname="com.atmecs.testScripts.ValidateAnchors" time="0"/>
  <testcase name="moveToInfrastructure" classname="com.atmecs.testScripts.ValidateAnchors" time="4.405"/>
  <testcase name="isInfrastructureAnchorPresent" classname="com.atmecs.testScripts.ValidateAnchors" time="0.077">
    <failure message="footer is not present expected [Infrastructure Management] but found []" type="java.lang.AssertionError">java.lang.AssertionError: footer is not present expected [Infrastructure Management] but found []
	at com.atmecs.testScripts.ValidateAnchors.isInfrastructureAnchorPresent(ValidateAnchors.java:44)
</failure>
    <system-out><![CDATA[logger executed
6
1

]]></system-out>
  </testcase>
  <testcase name="isInfrastructureAnchorPresent" classname="com.atmecs.testScripts.ValidateAnchors" time="0.054"/>
  <testcase name="isInfrastructureAnchorPresent" classname="com.atmecs.testScripts.ValidateAnchors" time="0.05"/>
  <testcase name="isInfrastructureAnchorPresent" classname="com.atmecs.testScripts.ValidateAnchors" time="0.063"/>
  <testcase name="isInfrastructureAnchorPresent" classname="com.atmecs.testScripts.ValidateAnchors" time="0.063"/>
  <testcase name="isInfrastructureAnchorPresent" classname="com.atmecs.testScripts.ValidateAnchors" time="0"/>
  <testcase name="anchorRedirection" classname="com.atmecs.testScripts.InsightsValidation" time="2.373">
    <failure message="Element &lt;a href=&quot;http://www.atmecs.com/blogs/&quot;&gt; could not be scrolled into view&#10;Build info: version: &apos;3.141.59&apos;, revision: &apos;e82be7d358&apos;, time: &apos;2018-11-14T08:17:03&apos;&#10;System info: host: &apos;ATMECSINLT-038&apos;, ip: &apos;55.55.52.193&apos;, os.name: &apos;Windows 10&apos;, os.arch: &apos;amd64&apos;, os.version: &apos;10.0&apos;, java.version: &apos;12.0.1&apos;&#10;Driver info: org.openqa.selenium.firefox.FirefoxDriver&#10;Capabilities {acceptInsecureCerts: true, browserName: firefox, browserVersion: 69.0.1, javascriptEnabled: true, moz:accessibilityChecks: false, moz:buildID: 20190917135527, moz:geckodriverVersion: 0.24.0, moz:headless: false, moz:processID: 16124, moz:profile: C:\Users\saurabh.chauhan\Ap..., moz:shutdownTimeout: 60000, moz:useNonSpecCompliantPointerOrigin: false, moz:webdriverClick: true, pageLoadStrategy: normal, platform: WINDOWS, platformName: WINDOWS, platformVersion: 10.0, rotatable: false, setWindowRect: true, strictFileInteractability: false, timeouts: {implicit: 0, pageLoad: 300000, script: 30000}, unhandledPromptBehavior: dismiss and notify}&#10;Session ID: 909c2369-8942-422d-be3b-8e3a0d7b29a9" type="org.openqa.selenium.ElementNotInteractableException"><![CDATA[org.openqa.selenium.ElementNotInteractableException: 
Element <a href="http://www.atmecs.com/blogs/"> could not be scrolled into view
Build info: version: '3.141.59', revision: 'e82be7d358', time: '2018-11-14T08:17:03'
System info: host: 'ATMECSINLT-038', ip: '55.55.52.193', os.name: 'Windows 10', os.arch: 'amd64', os.version: '10.0', java.version: '12.0.1'
Driver info: org.openqa.selenium.firefox.FirefoxDriver
Capabilities {acceptInsecureCerts: true, browserName: firefox, browserVersion: 69.0.1, javascriptEnabled: true, moz:accessibilityChecks: false, moz:buildID: 20190917135527, moz:geckodriverVersion: 0.24.0, moz:headless: false, moz:processID: 16124, moz:profile: C:\Users\saurabh.chauhan\Ap..., moz:shutdownTimeout: 60000, moz:useNonSpecCompliantPointerOrigin: false, moz:webdriverClick: true, pageLoadStrategy: normal, platform: WINDOWS, platformName: WINDOWS, platformVersion: 10.0, rotatable: false, setWindowRect: true, strictFileInteractability: false, timeouts: {implicit: 0, pageLoad: 300000, script: 30000}, unhandledPromptBehavior: dismiss and notify}
Session ID: 909c2369-8942-422d-be3b-8e3a0d7b29a9
	at com.atmecs.testScripts.InsightsValidation.anchorRedirection(InsightsValidation.java:31)
]]></failure>
    <system-out><![CDATA[logger executed
]]></system-out>
    <system-err><![CDATA[1569909799158	Marionette	INFO	Stopped listening on port 59164
IPDL protocol error: Handler returned error code!

###!!! [Parent][DispatchAsyncMessage] Error: PImageBridge::Msg_Update Processing error: message was deserialized, but the handler returned false (indicating failure)

[Child 20948, Chrome_ChildThread] WARNING: pipe error: 109: file z:/task_1568728986/build/src/ipc/chromium/src/chrome/common/ipc_channel_win.cc, line 341
[Child 20948, Chrome_ChildThread] WARNING: pipe error: 109: file z:/task_1568728986/build/src/ipc/chromium/src/chrome/common/ipc_channel_win.cc, line 341
IPDL protocol error: Handler returned error code!

###!!! [Parent][DispatchAsyncMessage] Error: PImageBridge::Msg_Update Processing error: message was deserialized, but the handler returned false (indicating failure)

IPDL protocol error: Handler returned error code!

###!!! [Parent][DispatchAsyncMessage] Error: PImageBridge::Msg_Update Processing error: message was deserialized, but the handler returned false (indicating failure)

[Child 18916, Chrome_ChildThread] WARNING: pipe error: 109: file z:/task_1568728986/build/src/ipc/chromium/src/chrome/common/ipc_channel_win.cc, line 341
[Child 18916, Chrome_ChildThread] WARNING: pipe error: 109: file z:/task_1568728986/build/src/ipc/chromium/src/chrome/common/ipc_channel_win.cc, line 341
[Parent 17744, Gecko_IOThread] WARNING: pipe error: 109: file z:/task_1568728986/build/src/ipc/chromium/src/chrome/common/ipc_channel_win.cc, line 341
[Child 20868, Chrome_ChildThread] WARNING: pipe error: 109: file z:/task_1568728986/build/src/ipc/chromium/src/chrome/common/ipc_channel_win.cc, line 341

###!!! [Child][RunMessage] Error: Channel closing: too late to send/recv, messages will be lost

[GPU 568, Chrome_ChildThread] WARNING: pipe error: 109: file z:/task_1568728986/build/s
###!!! [Child][MessageChannel::SendAndWait] Error: Channel error: cannot send/recv

1569909802258	mozrunner::runner	INFO	Running command: "C:\\Program Files\\Mozilla Firefox\\firefox.exe" "-marionette" "-foreground" "-no-remote" "-profile" "C:\\Users\\SAURAB~1.CHA\\AppData\\Local\\Temp\\rust_mozprofile.tCOnVaUWiGWK"
1569909803165	addons.webextension.screenshots@mozilla.org	WARN	Loading extension 'screenshots@mozilla.org': Reading manifest: Invalid extension permission: mozillaAddons
1569909803165	addons.webextension.screenshots@mozilla.org	WARN	Loading extension 'screenshots@mozilla.org': Reading manifest: Invalid extension permission: telemetry
1569909803165	addons.webextension.screenshots@mozilla.org	WARN	Loading extension 'screenshots@mozilla.org': Reading manifest: Invalid extension permission: resource://pdf.js/
1569909803165	addons.webextension.screenshots@mozilla.org	WARN	Loading extension 'screenshots@mozilla.org': Reading manifest: Invalid extension permission: about:reader*
JavaScript error: resource://gre/modules/XULStore.jsm, line 66: Error: Can't find profile directory.
1569909806929	Marionette	INFO	Listening on port 59203
1569909806994	Marionette	WARN	TLS certificate errors will be ignored for this session
Oct 01, 2019 11:33:27 AM org.openqa.selenium.remote.ProtocolHandshake createSession
INFO: Detected dialect: W3C
JavaScript error: http://www.atmecs.com/, line 569: TypeError: clock is null
]]></system-err>
  </testcase>
  <testcase name="validateDate" classname="com.atmecs.testScripts.InsightsValidation" time="6.076">
    <failure message="Unable to locate element: //time[contains(.,&apos;March 15, 2019&apos;)]&#10;For documentation on this error, please visit: https://www.seleniumhq.org/exceptions/no_such_element.html&#10;Build info: version: &apos;3.141.59&apos;, revision: &apos;e82be7d358&apos;, time: &apos;2018-11-14T08:17:03&apos;&#10;System info: host: &apos;ATMECSINLT-038&apos;, ip: &apos;55.55.52.193&apos;, os.name: &apos;Windows 10&apos;, os.arch: &apos;amd64&apos;, os.version: &apos;10.0&apos;, java.version: &apos;12.0.1&apos;&#10;Driver info: org.openqa.selenium.firefox.FirefoxDriver&#10;Capabilities {acceptInsecureCerts: true, browserName: firefox, browserVersion: 69.0.1, javascriptEnabled: true, moz:accessibilityChecks: false, moz:buildID: 20190917135527, moz:geckodriverVersion: 0.24.0, moz:headless: false, moz:processID: 16124, moz:profile: C:\Users\saurabh.chauhan\Ap..., moz:shutdownTimeout: 60000, moz:useNonSpecCompliantPointerOrigin: false, moz:webdriverClick: true, pageLoadStrategy: normal, platform: WINDOWS, platformName: WINDOWS, platformVersion: 10.0, rotatable: false, setWindowRect: true, strictFileInteractability: false, timeouts: {implicit: 0, pageLoad: 300000, script: 30000}, unhandledPromptBehavior: dismiss and notify}&#10;Session ID: 909c2369-8942-422d-be3b-8e3a0d7b29a9&#10;*** Element info: {Using=xpath, value=//time[contains(.,&apos;March 15, 2019&apos;)]}" type="org.openqa.selenium.NoSuchElementException">org.openqa.selenium.NoSuchElementException: 
Unable to locate element: //time[contains(.,'March 15, 2019')]
For documentation on this error, please visit: https://www.seleniumhq.org/exceptions/no_such_element.html
Build info: version: '3.141.59', revision: 'e82be7d358', time: '2018-11-14T08:17:03'
System info: host: 'ATMECSINLT-038', ip: '55.55.52.193', os.name: 'Windows 10', os.arch: 'amd64', os.version: '10.0', java.version: '12.0.1'
Driver info: org.openqa.selenium.firefox.FirefoxDriver
Capabilities {acceptInsecureCerts: true, browserName: firefox, browserVersion: 69.0.1, javascriptEnabled: true, moz:accessibilityChecks: false, moz:buildID: 20190917135527, moz:geckodriverVersion: 0.24.0, moz:headless: false, moz:processID: 16124, moz:profile: C:\Users\saurabh.chauhan\Ap..., moz:shutdownTimeout: 60000, moz:useNonSpecCompliantPointerOrigin: false, moz:webdriverClick: true, pageLoadStrategy: normal, platform: WINDOWS, platformName: WINDOWS, platformVersion: 10.0, rotatable: false, setWindowRect: true, strictFileInteractability: false, timeouts: {implicit: 0, pageLoad: 300000, script: 30000}, unhandledPromptBehavior: dismiss and notify}
Session ID: 909c2369-8942-422d-be3b-8e3a0d7b29a9
*** Element info: {Using=xpath, value=//time[contains(.,'March 15, 2019')]}
	at com.atmecs.testScripts.InsightsValidation.validateDate(InsightsValidation.java:42)
</failure>
    <system-out><![CDATA[logger executed
]]></system-out>
  </testcase>
  <testcase name="validateTitle" classname="com.atmecs.testScripts.InsightsValidation" time="6.043">
    <failure message="Unable to locate element: //h1[contains(@class,&apos;page-title&apos;)]&#10;For documentation on this error, please visit: https://www.seleniumhq.org/exceptions/no_such_element.html&#10;Build info: version: &apos;3.141.59&apos;, revision: &apos;e82be7d358&apos;, time: &apos;2018-11-14T08:17:03&apos;&#10;System info: host: &apos;ATMECSINLT-038&apos;, ip: &apos;55.55.52.193&apos;, os.name: &apos;Windows 10&apos;, os.arch: &apos;amd64&apos;, os.version: &apos;10.0&apos;, java.version: &apos;12.0.1&apos;&#10;Driver info: org.openqa.selenium.firefox.FirefoxDriver&#10;Capabilities {acceptInsecureCerts: true, browserName: firefox, browserVersion: 69.0.1, javascriptEnabled: true, moz:accessibilityChecks: false, moz:buildID: 20190917135527, moz:geckodriverVersion: 0.24.0, moz:headless: false, moz:processID: 16124, moz:profile: C:\Users\saurabh.chauhan\Ap..., moz:shutdownTimeout: 60000, moz:useNonSpecCompliantPointerOrigin: false, moz:webdriverClick: true, pageLoadStrategy: normal, platform: WINDOWS, platformName: WINDOWS, platformVersion: 10.0, rotatable: false, setWindowRect: true, strictFileInteractability: false, timeouts: {implicit: 0, pageLoad: 300000, script: 30000}, unhandledPromptBehavior: dismiss and notify}&#10;Session ID: 909c2369-8942-422d-be3b-8e3a0d7b29a9&#10;*** Element info: {Using=xpath, value=//h1[contains(@class,&apos;page-title&apos;)]}" type="org.openqa.selenium.NoSuchElementException">org.openqa.selenium.NoSuchElementException: 
Unable to locate element: //h1[contains(@class,'page-title')]
For documentation on this error, please visit: https://www.seleniumhq.org/exceptions/no_such_element.html
Build info: version: '3.141.59', revision: 'e82be7d358', time: '2018-11-14T08:17:03'
System info: host: 'ATMECSINLT-038', ip: '55.55.52.193', os.name: 'Windows 10', os.arch: 'amd64', os.version: '10.0', java.version: '12.0.1'
Driver info: org.openqa.selenium.firefox.FirefoxDriver
Capabilities {acceptInsecureCerts: true, browserName: firefox, browserVersion: 69.0.1, javascriptEnabled: true, moz:accessibilityChecks: false, moz:buildID: 20190917135527, moz:geckodriverVersion: 0.24.0, moz:headless: false, moz:processID: 16124, moz:profile: C:\Users\saurabh.chauhan\Ap..., moz:shutdownTimeout: 60000, moz:useNonSpecCompliantPointerOrigin: false, moz:webdriverClick: true, pageLoadStrategy: normal, platform: WINDOWS, platformName: WINDOWS, platformVersion: 10.0, rotatable: false, setWindowRect: true, strictFileInteractability: false, timeouts: {implicit: 0, pageLoad: 300000, script: 30000}, unhandledPromptBehavior: dismiss and notify}
Session ID: 909c2369-8942-422d-be3b-8e3a0d7b29a9
*** Element info: {Using=xpath, value=//h1[contains(@class,'page-title')]}
	at com.atmecs.testScripts.InsightsValidation.validateTitle(InsightsValidation.java:52)
</failure>
    <system-out><![CDATA[logger executed
]]></system-out>
  </testcase>
  <testcase name="validateBreadCrumb" classname="com.atmecs.testScripts.InsightsValidation" time="10.139">
    <failure message="Unable to locate element: (//span[@class=&apos;breadcrumb&apos;])[2]&#10;For documentation on this error, please visit: https://www.seleniumhq.org/exceptions/no_such_element.html&#10;Build info: version: &apos;3.141.59&apos;, revision: &apos;e82be7d358&apos;, time: &apos;2018-11-14T08:17:03&apos;&#10;System info: host: &apos;ATMECSINLT-038&apos;, ip: &apos;55.55.52.193&apos;, os.name: &apos;Windows 10&apos;, os.arch: &apos;amd64&apos;, os.version: &apos;10.0&apos;, java.version: &apos;12.0.1&apos;&#10;Driver info: org.openqa.selenium.firefox.FirefoxDriver&#10;Capabilities {acceptInsecureCerts: true, browserName: firefox, browserVersion: 69.0.1, javascriptEnabled: true, moz:accessibilityChecks: false, moz:buildID: 20190917135527, moz:geckodriverVersion: 0.24.0, moz:headless: false, moz:processID: 16124, moz:profile: C:\Users\saurabh.chauhan\Ap..., moz:shutdownTimeout: 60000, moz:useNonSpecCompliantPointerOrigin: false, moz:webdriverClick: true, pageLoadStrategy: normal, platform: WINDOWS, platformName: WINDOWS, platformVersion: 10.0, rotatable: false, setWindowRect: true, strictFileInteractability: false, timeouts: {implicit: 0, pageLoad: 300000, script: 30000}, unhandledPromptBehavior: dismiss and notify}&#10;Session ID: 909c2369-8942-422d-be3b-8e3a0d7b29a9&#10;*** Element info: {Using=xpath, value=(//span[@class=&apos;breadcrumb&apos;])[2]}" type="org.openqa.selenium.NoSuchElementException">org.openqa.selenium.NoSuchElementException: 
Unable to locate element: (//span[@class='breadcrumb'])[2]
For documentation on this error, please visit: https://www.seleniumhq.org/exceptions/no_such_element.html
Build info: version: '3.141.59', revision: 'e82be7d358', time: '2018-11-14T08:17:03'
System info: host: 'ATMECSINLT-038', ip: '55.55.52.193', os.name: 'Windows 10', os.arch: 'amd64', os.version: '10.0', java.version: '12.0.1'
Driver info: org.openqa.selenium.firefox.FirefoxDriver
Capabilities {acceptInsecureCerts: true, browserName: firefox, browserVersion: 69.0.1, javascriptEnabled: true, moz:accessibilityChecks: false, moz:buildID: 20190917135527, moz:geckodriverVersion: 0.24.0, moz:headless: false, moz:processID: 16124, moz:profile: C:\Users\saurabh.chauhan\Ap..., moz:shutdownTimeout: 60000, moz:useNonSpecCompliantPointerOrigin: false, moz:webdriverClick: true, pageLoadStrategy: normal, platform: WINDOWS, platformName: WINDOWS, platformVersion: 10.0, rotatable: false, setWindowRect: true, strictFileInteractability: false, timeouts: {implicit: 0, pageLoad: 300000, script: 30000}, unhandledPromptBehavior: dismiss and notify}
Session ID: 909c2369-8942-422d-be3b-8e3a0d7b29a9
*** Element info: {Using=xpath, value=(//span[@class='breadcrumb'])[2]}
	at com.atmecs.testScripts.InsightsValidation.validateBreadCrumb(InsightsValidation.java:62)
</failure>
    <system-out><![CDATA[logger executed
]]></system-out>
    <system-err><![CDATA[JavaScript error: http://www.atmecs.com/blogs/, line 479: TypeError: clock is null
]]></system-err>
  </testcase>
  <testcase name="validateErrorMsg" classname="com.atmecs.testScripts.InsightsValidation" time="6.074">
    <failure message="Unable to locate element: (//div[@id=&apos;respond&apos;]//form//p[@class=&apos;form-submit&apos;]//input)[1]&#10;For documentation on this error, please visit: https://www.seleniumhq.org/exceptions/no_such_element.html&#10;Build info: version: &apos;3.141.59&apos;, revision: &apos;e82be7d358&apos;, time: &apos;2018-11-14T08:17:03&apos;&#10;System info: host: &apos;ATMECSINLT-038&apos;, ip: &apos;55.55.52.193&apos;, os.name: &apos;Windows 10&apos;, os.arch: &apos;amd64&apos;, os.version: &apos;10.0&apos;, java.version: &apos;12.0.1&apos;&#10;Driver info: org.openqa.selenium.firefox.FirefoxDriver&#10;Capabilities {acceptInsecureCerts: true, browserName: firefox, browserVersion: 69.0.1, javascriptEnabled: true, moz:accessibilityChecks: false, moz:buildID: 20190917135527, moz:geckodriverVersion: 0.24.0, moz:headless: false, moz:processID: 16124, moz:profile: C:\Users\saurabh.chauhan\Ap..., moz:shutdownTimeout: 60000, moz:useNonSpecCompliantPointerOrigin: false, moz:webdriverClick: true, pageLoadStrategy: normal, platform: WINDOWS, platformName: WINDOWS, platformVersion: 10.0, rotatable: false, setWindowRect: true, strictFileInteractability: false, timeouts: {implicit: 0, pageLoad: 300000, script: 30000}, unhandledPromptBehavior: dismiss and notify}&#10;Session ID: 909c2369-8942-422d-be3b-8e3a0d7b29a9&#10;*** Element info: {Using=xpath, value=(//div[@id=&apos;respond&apos;]//form//p[@class=&apos;form-submit&apos;]//input)[1]}" type="org.openqa.selenium.NoSuchElementException">org.openqa.selenium.NoSuchElementException: 
Unable to locate element: (//div[@id='respond']//form//p[@class='form-submit']//input)[1]
For documentation on this error, please visit: https://www.seleniumhq.org/exceptions/no_such_element.html
Build info: version: '3.141.59', revision: 'e82be7d358', time: '2018-11-14T08:17:03'
System info: host: 'ATMECSINLT-038', ip: '55.55.52.193', os.name: 'Windows 10', os.arch: 'amd64', os.version: '10.0', java.version: '12.0.1'
Driver info: org.openqa.selenium.firefox.FirefoxDriver
Capabilities {acceptInsecureCerts: true, browserName: firefox, browserVersion: 69.0.1, javascriptEnabled: true, moz:accessibilityChecks: false, moz:buildID: 20190917135527, moz:geckodriverVersion: 0.24.0, moz:headless: false, moz:processID: 16124, moz:profile: C:\Users\saurabh.chauhan\Ap..., moz:shutdownTimeout: 60000, moz:useNonSpecCompliantPointerOrigin: false, moz:webdriverClick: true, pageLoadStrategy: normal, platform: WINDOWS, platformName: WINDOWS, platformVersion: 10.0, rotatable: false, setWindowRect: true, strictFileInteractability: false, timeouts: {implicit: 0, pageLoad: 300000, script: 30000}, unhandledPromptBehavior: dismiss and notify}
Session ID: 909c2369-8942-422d-be3b-8e3a0d7b29a9
*** Element info: {Using=xpath, value=(//div[@id='respond']//form//p[@class='form-submit']//input)[1]}
	at com.atmecs.testScripts.InsightsValidation.validateErrorMsg(InsightsValidation.java:70)
</failure>
    <system-out><![CDATA[logger executed
]]></system-out>
  </testcase>
</testsuite>