<?xml version="1.0" encoding="UTF-8"?>
<testng-results ignored="0" total="132" passed="125" failed="7" skipped="0">
  <reporter-output>
  </reporter-output>
  <suite started-at="2019-10-01T06:02:05Z" name="Suite" finished-at="2019-10-01T06:04:11Z" duration-ms="126076">
    <groups>
    </groups>
    <test started-at="2019-10-01T06:02:05Z" name="HomepageTest" finished-at="2019-10-01T06:02:52Z" duration-ms="46705">
      <class name="com.atmecs.testScripts.HomePagetestscripts">
        <test-method is-config="true" signature="intitailizeBrowser()[pri:0, instance:com.atmecs.testScripts.HomePagetestscripts@44a664f2]" started-at="2019-10-01T06:02:05Z" name="intitailizeBrowser" finished-at="2019-10-01T06:02:26Z" duration-ms="20919" status="PASS">
          <reporter-output>
          </reporter-output>
        </test-method> <!-- intitailizeBrowser -->
        <test-method signature="homePageRedirection()[pri:1, instance:com.atmecs.testScripts.HomePagetestscripts@44a664f2]" started-at="2019-10-01T06:02:26Z" name="homePageRedirection" finished-at="2019-10-01T06:02:26Z" duration-ms="106" status="PASS">
          <reporter-output>
          </reporter-output>
        </test-method> <!-- homePageRedirection -->
        <test-method is-config="true" signature="tearDown(org.testng.ITestResult)[pri:0, instance:com.atmecs.testScripts.HomePagetestscripts@44a664f2]" started-at="2019-10-01T06:02:26Z" name="tearDown" finished-at="2019-10-01T06:02:26Z" duration-ms="4" status="PASS">
          <params>
            <param index="0">
              <value>
                <![CDATA[[TestResult name=homePageRedirection status=SUCCESS method=HomePagetestscripts.homePageRedirection()[pri:1, instance:com.atmecs.testScripts.HomePagetestscripts@44a664f2] output={null}]]]>
              </value>
            </param>
          </params>
          <reporter-output>
          </reporter-output>
        </test-method> <!-- tearDown -->
        <test-method signature="clickHeaderServices()[pri:2, instance:com.atmecs.testScripts.HomePagetestscripts@44a664f2]" started-at="2019-10-01T06:02:26Z" name="clickHeaderServices" finished-at="2019-10-01T06:02:32Z" duration-ms="5600" status="PASS">
          <reporter-output>
          </reporter-output>
        </test-method> <!-- clickHeaderServices -->
        <test-method is-config="true" signature="tearDown(org.testng.ITestResult)[pri:0, instance:com.atmecs.testScripts.HomePagetestscripts@44a664f2]" started-at="2019-10-01T06:02:32Z" name="tearDown" finished-at="2019-10-01T06:02:32Z" duration-ms="1" status="PASS">
          <params>
            <param index="0">
              <value>
                <![CDATA[[TestResult name=clickHeaderServices status=SUCCESS method=HomePagetestscripts.clickHeaderServices()[pri:2, instance:com.atmecs.testScripts.HomePagetestscripts@44a664f2] output={null}]]]>
              </value>
            </param>
          </params>
          <reporter-output>
          </reporter-output>
        </test-method> <!-- tearDown -->
        <test-method signature="validatefooterForServices(java.lang.String)[pri:3, instance:com.atmecs.testScripts.HomePagetestscripts@44a664f2]" started-at="2019-10-01T06:02:33Z" name="validatefooterForServices" data-provider="footer2" finished-at="2019-10-01T06:02:33Z" duration-ms="62" status="PASS">
          <params>
            <param index="0">
              <value>
                <![CDATA[Home]]>
              </value>
            </param>
          </params>
          <reporter-output>
          </reporter-output>
        </test-method> <!-- validatefooterForServices -->
        <test-method signature="validatefooterForServices(java.lang.String)[pri:3, instance:com.atmecs.testScripts.HomePagetestscripts@44a664f2]" started-at="2019-10-01T06:02:33Z" name="validatefooterForServices" data-provider="footer2" finished-at="2019-10-01T06:02:33Z" duration-ms="54" status="PASS">
          <params>
            <param index="0">
              <value>
                <![CDATA[About Us]]>
              </value>
            </param>
          </params>
          <reporter-output>
          </reporter-output>
        </test-method> <!-- validatefooterForServices -->
        <test-method is-config="true" signature="tearDown(org.testng.ITestResult)[pri:0, instance:com.atmecs.testScripts.HomePagetestscripts@44a664f2]" started-at="2019-10-01T06:02:33Z" name="tearDown" finished-at="2019-10-01T06:02:33Z" duration-ms="0" status="PASS">
          <params>
            <param index="0">
              <value>
                <![CDATA[[TestResult name=validatefooterForServices status=SUCCESS method=HomePagetestscripts.validatefooterForServices(java.lang.String)[pri:3, instance:com.atmecs.testScripts.HomePagetestscripts@44a664f2] output={null}]]]>
              </value>
            </param>
          </params>
          <reporter-output>
          </reporter-output>
        </test-method> <!-- tearDown -->
        <test-method signature="validatefooterForServices(java.lang.String)[pri:3, instance:com.atmecs.testScripts.HomePagetestscripts@44a664f2]" started-at="2019-10-01T06:02:33Z" name="validatefooterForServices" data-provider="footer2" finished-at="2019-10-01T06:02:33Z" duration-ms="51" status="PASS">
          <params>
            <param index="0">
              <value>
                <![CDATA[Services]]>
              </value>
            </param>
          </params>
          <reporter-output>
          </reporter-output>
        </test-method> <!-- validatefooterForServices -->
        <test-method is-config="true" signature="tearDown(org.testng.ITestResult)[pri:0, instance:com.atmecs.testScripts.HomePagetestscripts@44a664f2]" started-at="2019-10-01T06:02:33Z" name="tearDown" finished-at="2019-10-01T06:02:33Z" duration-ms="0" status="PASS">
          <params>
            <param index="0">
              <value>
                <![CDATA[[TestResult name=validatefooterForServices status=SUCCESS method=HomePagetestscripts.validatefooterForServices(java.lang.String)[pri:3, instance:com.atmecs.testScripts.HomePagetestscripts@44a664f2] output={null}]]]>
              </value>
            </param>
          </params>
          <reporter-output>
          </reporter-output>
        </test-method> <!-- tearDown -->
        <test-method signature="validatefooterForServices(java.lang.String)[pri:3, instance:com.atmecs.testScripts.HomePagetestscripts@44a664f2]" started-at="2019-10-01T06:02:33Z" name="validatefooterForServices" data-provider="footer2" finished-at="2019-10-01T06:02:33Z" duration-ms="52" status="PASS">
          <params>
            <param index="0">
              <value>
                <![CDATA[Partners]]>
              </value>
            </param>
          </params>
          <reporter-output>
          </reporter-output>
        </test-method> <!-- validatefooterForServices -->
        <test-method is-config="true" signature="tearDown(org.testng.ITestResult)[pri:0, instance:com.atmecs.testScripts.HomePagetestscripts@44a664f2]" started-at="2019-10-01T06:02:33Z" name="tearDown" finished-at="2019-10-01T06:02:33Z" duration-ms="0" status="PASS">
          <params>
            <param index="0">
              <value>
                <![CDATA[[TestResult name=validatefooterForServices status=SUCCESS method=HomePagetestscripts.validatefooterForServices(java.lang.String)[pri:3, instance:com.atmecs.testScripts.HomePagetestscripts@44a664f2] output={null}]]]>
              </value>
            </param>
          </params>
          <reporter-output>
          </reporter-output>
        </test-method> <!-- tearDown -->
        <test-method signature="validatefooterForServices(java.lang.String)[pri:3, instance:com.atmecs.testScripts.HomePagetestscripts@44a664f2]" started-at="2019-10-01T06:02:33Z" name="validatefooterForServices" data-provider="footer2" finished-at="2019-10-01T06:02:33Z" duration-ms="49" status="PASS">
          <params>
            <param index="0">
              <value>
                <![CDATA[Case Studies old]]>
              </value>
            </param>
          </params>
          <reporter-output>
          </reporter-output>
        </test-method> <!-- validatefooterForServices -->
        <test-method is-config="true" signature="tearDown(org.testng.ITestResult)[pri:0, instance:com.atmecs.testScripts.HomePagetestscripts@44a664f2]" started-at="2019-10-01T06:02:33Z" name="tearDown" finished-at="2019-10-01T06:02:33Z" duration-ms="0" status="PASS">
          <params>
            <param index="0">
              <value>
                <![CDATA[[TestResult name=validatefooterForServices status=SUCCESS method=HomePagetestscripts.validatefooterForServices(java.lang.String)[pri:3, instance:com.atmecs.testScripts.HomePagetestscripts@44a664f2] output={null}]]]>
              </value>
            </param>
          </params>
          <reporter-output>
          </reporter-output>
        </test-method> <!-- tearDown -->
        <test-method is-config="true" signature="tearDown(org.testng.ITestResult)[pri:0, instance:com.atmecs.testScripts.HomePagetestscripts@44a664f2]" started-at="2019-10-01T06:02:33Z" name="tearDown" finished-at="2019-10-01T06:02:33Z" duration-ms="0" status="PASS">
          <params>
            <param index="0">
              <value>
                <![CDATA[[TestResult name=validatefooterForServices status=SUCCESS method=HomePagetestscripts.validatefooterForServices(java.lang.String)[pri:3, instance:com.atmecs.testScripts.HomePagetestscripts@44a664f2] output={null}]]]>
              </value>
            </param>
          </params>
          <reporter-output>
          </reporter-output>
        </test-method> <!-- tearDown -->
        <test-method signature="validatefooterForServices(java.lang.String)[pri:3, instance:com.atmecs.testScripts.HomePagetestscripts@44a664f2]" started-at="2019-10-01T06:02:33Z" name="validatefooterForServices" data-provider="footer2" finished-at="2019-10-01T06:02:33Z" duration-ms="46" status="PASS">
          <params>
            <param index="0">
              <value>
                <![CDATA[Careers]]>
              </value>
            </param>
          </params>
          <reporter-output>
          </reporter-output>
        </test-method> <!-- validatefooterForServices -->
        <test-method is-config="true" signature="tearDown(org.testng.ITestResult)[pri:0, instance:com.atmecs.testScripts.HomePagetestscripts@44a664f2]" started-at="2019-10-01T06:02:33Z" name="tearDown" finished-at="2019-10-01T06:02:33Z" duration-ms="1" status="PASS">
          <params>
            <param index="0">
              <value>
                <![CDATA[[TestResult name=validatefooterForServices status=SUCCESS method=HomePagetestscripts.validatefooterForServices(java.lang.String)[pri:3, instance:com.atmecs.testScripts.HomePagetestscripts@44a664f2] output={null}]]]>
              </value>
            </param>
          </params>
          <reporter-output>
          </reporter-output>
        </test-method> <!-- tearDown -->
        <test-method signature="validatefooterForServices(java.lang.String)[pri:3, instance:com.atmecs.testScripts.HomePagetestscripts@44a664f2]" started-at="2019-10-01T06:02:33Z" name="validatefooterForServices" data-provider="footer2" finished-at="2019-10-01T06:02:33Z" duration-ms="47" status="PASS">
          <params>
            <param index="0">
              <value>
                <![CDATA[Contact Us]]>
              </value>
            </param>
          </params>
          <reporter-output>
          </reporter-output>
        </test-method> <!-- validatefooterForServices -->
        <test-method signature="validatefooterForServices(java.lang.String)[pri:3, instance:com.atmecs.testScripts.HomePagetestscripts@44a664f2]" started-at="2019-10-01T06:02:33Z" name="validatefooterForServices" data-provider="footer2" finished-at="2019-10-01T06:02:33Z" duration-ms="45" status="PASS">
          <params>
            <param index="0">
              <value>
                <![CDATA[Automation Engineer]]>
              </value>
            </param>
          </params>
          <reporter-output>
          </reporter-output>
        </test-method> <!-- validatefooterForServices -->
        <test-method is-config="true" signature="tearDown(org.testng.ITestResult)[pri:0, instance:com.atmecs.testScripts.HomePagetestscripts@44a664f2]" started-at="2019-10-01T06:02:33Z" name="tearDown" finished-at="2019-10-01T06:02:33Z" duration-ms="0" status="PASS">
          <params>
            <param index="0">
              <value>
                <![CDATA[[TestResult name=validatefooterForServices status=SUCCESS method=HomePagetestscripts.validatefooterForServices(java.lang.String)[pri:3, instance:com.atmecs.testScripts.HomePagetestscripts@44a664f2] output={null}]]]>
              </value>
            </param>
          </params>
          <reporter-output>
          </reporter-output>
        </test-method> <!-- tearDown -->
        <test-method is-config="true" signature="tearDown(org.testng.ITestResult)[pri:0, instance:com.atmecs.testScripts.HomePagetestscripts@44a664f2]" started-at="2019-10-01T06:02:33Z" name="tearDown" finished-at="2019-10-01T06:02:33Z" duration-ms="0" status="PASS">
          <params>
            <param index="0">
              <value>
                <![CDATA[[TestResult name=validatefooterForServices status=SUCCESS method=HomePagetestscripts.validatefooterForServices(java.lang.String)[pri:3, instance:com.atmecs.testScripts.HomePagetestscripts@44a664f2] output={null}]]]>
              </value>
            </param>
          </params>
          <reporter-output>
          </reporter-output>
        </test-method> <!-- tearDown -->
        <test-method signature="validatefooterForServices(java.lang.String)[pri:3, instance:com.atmecs.testScripts.HomePagetestscripts@44a664f2]" started-at="2019-10-01T06:02:33Z" name="validatefooterForServices" data-provider="footer2" finished-at="2019-10-01T06:02:33Z" duration-ms="58" status="PASS">
          <params>
            <param index="0">
              <value>
                <![CDATA[DevOps Engineer]]>
              </value>
            </param>
          </params>
          <reporter-output>
          </reporter-output>
        </test-method> <!-- validatefooterForServices -->
        <test-method is-config="true" signature="tearDown(org.testng.ITestResult)[pri:0, instance:com.atmecs.testScripts.HomePagetestscripts@44a664f2]" started-at="2019-10-01T06:02:33Z" name="tearDown" finished-at="2019-10-01T06:02:33Z" duration-ms="1" status="PASS">
          <params>
            <param index="0">
              <value>
                <![CDATA[[TestResult name=validatefooterForServices status=SUCCESS method=HomePagetestscripts.validatefooterForServices(java.lang.String)[pri:3, instance:com.atmecs.testScripts.HomePagetestscripts@44a664f2] output={null}]]]>
              </value>
            </param>
          </params>
          <reporter-output>
          </reporter-output>
        </test-method> <!-- tearDown -->
        <test-method signature="validatefooterForServices(java.lang.String)[pri:3, instance:com.atmecs.testScripts.HomePagetestscripts@44a664f2]" started-at="2019-10-01T06:02:33Z" name="validatefooterForServices" data-provider="footer2" finished-at="2019-10-01T06:02:34Z" duration-ms="55" status="PASS">
          <params>
            <param index="0">
              <value>
                <![CDATA[Senior .NET Engineer]]>
              </value>
            </param>
          </params>
          <reporter-output>
          </reporter-output>
        </test-method> <!-- validatefooterForServices -->
        <test-method is-config="true" signature="tearDown(org.testng.ITestResult)[pri:0, instance:com.atmecs.testScripts.HomePagetestscripts@44a664f2]" started-at="2019-10-01T06:02:34Z" name="tearDown" finished-at="2019-10-01T06:02:34Z" duration-ms="0" status="PASS">
          <params>
            <param index="0">
              <value>
                <![CDATA[[TestResult name=validatefooterForServices status=SUCCESS method=HomePagetestscripts.validatefooterForServices(java.lang.String)[pri:3, instance:com.atmecs.testScripts.HomePagetestscripts@44a664f2] output={null}]]]>
              </value>
            </param>
          </params>
          <reporter-output>
          </reporter-output>
        </test-method> <!-- tearDown -->
        <test-method signature="validatefooterForServices(java.lang.String)[pri:3, instance:com.atmecs.testScripts.HomePagetestscripts@44a664f2]" started-at="2019-10-01T06:02:34Z" name="validatefooterForServices" data-provider="footer2" finished-at="2019-10-01T06:02:34Z" duration-ms="53" status="PASS">
          <params>
            <param index="0">
              <value>
                <![CDATA[Senior Java/J2EE Engineer]]>
              </value>
            </param>
          </params>
          <reporter-output>
          </reporter-output>
        </test-method> <!-- validatefooterForServices -->
        <test-method is-config="true" signature="tearDown(org.testng.ITestResult)[pri:0, instance:com.atmecs.testScripts.HomePagetestscripts@44a664f2]" started-at="2019-10-01T06:02:34Z" name="tearDown" finished-at="2019-10-01T06:02:34Z" duration-ms="0" status="PASS">
          <params>
            <param index="0">
              <value>
                <![CDATA[[TestResult name=validatefooterForServices status=SUCCESS method=HomePagetestscripts.validatefooterForServices(java.lang.String)[pri:3, instance:com.atmecs.testScripts.HomePagetestscripts@44a664f2] output={null}]]]>
              </value>
            </param>
          </params>
          <reporter-output>
          </reporter-output>
        </test-method> <!-- tearDown -->
        <test-method signature="validatefooterForServices(java.lang.String)[pri:3, instance:com.atmecs.testScripts.HomePagetestscripts@44a664f2]" started-at="2019-10-01T06:02:34Z" name="validatefooterForServices" data-provider="footer2" finished-at="2019-10-01T06:02:34Z" duration-ms="48" status="PASS">
          <params>
            <param index="0">
              <value>
                <![CDATA[US Headquarters]]>
              </value>
            </param>
          </params>
          <reporter-output>
          </reporter-output>
        </test-method> <!-- validatefooterForServices -->
        <test-method is-config="true" signature="tearDown(org.testng.ITestResult)[pri:0, instance:com.atmecs.testScripts.HomePagetestscripts@44a664f2]" started-at="2019-10-01T06:02:34Z" name="tearDown" finished-at="2019-10-01T06:02:34Z" duration-ms="1" status="PASS">
          <params>
            <param index="0">
              <value>
                <![CDATA[[TestResult name=validatefooterForServices status=SUCCESS method=HomePagetestscripts.validatefooterForServices(java.lang.String)[pri:3, instance:com.atmecs.testScripts.HomePagetestscripts@44a664f2] output={null}]]]>
              </value>
            </param>
          </params>
          <reporter-output>
          </reporter-output>
        </test-method> <!-- tearDown -->
        <test-method signature="validatefooterForServices(java.lang.String)[pri:3, instance:com.atmecs.testScripts.HomePagetestscripts@44a664f2]" started-at="2019-10-01T06:02:34Z" name="validatefooterForServices" data-provider="footer2" finished-at="2019-10-01T06:02:34Z" duration-ms="48" status="PASS">
          <params>
            <param index="0">
              <value>
                <![CDATA[US R&D Center]]>
              </value>
            </param>
          </params>
          <reporter-output>
          </reporter-output>
        </test-method> <!-- validatefooterForServices -->
        <test-method is-config="true" signature="tearDown(org.testng.ITestResult)[pri:0, instance:com.atmecs.testScripts.HomePagetestscripts@44a664f2]" started-at="2019-10-01T06:02:34Z" name="tearDown" finished-at="2019-10-01T06:02:34Z" duration-ms="1" status="PASS">
          <params>
            <param index="0">
              <value>
                <![CDATA[[TestResult name=validatefooterForServices status=SUCCESS method=HomePagetestscripts.validatefooterForServices(java.lang.String)[pri:3, instance:com.atmecs.testScripts.HomePagetestscripts@44a664f2] output={null}]]]>
              </value>
            </param>
          </params>
          <reporter-output>
          </reporter-output>
        </test-method> <!-- tearDown -->
        <test-method signature="validatefooterForServices(java.lang.String)[pri:3, instance:com.atmecs.testScripts.HomePagetestscripts@44a664f2]" started-at="2019-10-01T06:02:34Z" name="validatefooterForServices" data-provider="footer2" finished-at="2019-10-01T06:02:34Z" duration-ms="44" status="PASS">
          <params>
            <param index="0">
              <value>
                <![CDATA[info@atmecs.com]]>
              </value>
            </param>
          </params>
          <reporter-output>
          </reporter-output>
        </test-method> <!-- validatefooterForServices -->
        <test-method is-config="true" signature="tearDown(org.testng.ITestResult)[pri:0, instance:com.atmecs.testScripts.HomePagetestscripts@44a664f2]" started-at="2019-10-01T06:02:34Z" name="tearDown" finished-at="2019-10-01T06:02:34Z" duration-ms="1" status="PASS">
          <params>
            <param index="0">
              <value>
                <![CDATA[[TestResult name=validatefooterForServices status=SUCCESS method=HomePagetestscripts.validatefooterForServices(java.lang.String)[pri:3, instance:com.atmecs.testScripts.HomePagetestscripts@44a664f2] output={null}]]]>
              </value>
            </param>
          </params>
          <reporter-output>
          </reporter-output>
        </test-method> <!-- tearDown -->
        <test-method signature="validatefooterForServices(java.lang.String)[pri:3, instance:com.atmecs.testScripts.HomePagetestscripts@44a664f2]" started-at="2019-10-01T06:02:34Z" name="validatefooterForServices" data-provider="footer2" finished-at="2019-10-01T06:02:34Z" duration-ms="1" status="PASS">
          <params>
            <param index="0">
              <value is-null="true"/>
            </param>
          </params>
          <reporter-output>
          </reporter-output>
        </test-method> <!-- validatefooterForServices -->
        <test-method is-config="true" signature="tearDown(org.testng.ITestResult)[pri:0, instance:com.atmecs.testScripts.HomePagetestscripts@44a664f2]" started-at="2019-10-01T06:02:34Z" name="tearDown" finished-at="2019-10-01T06:02:34Z" duration-ms="2" status="PASS">
          <params>
            <param index="0">
              <value>
                <![CDATA[[TestResult name=validatefooterForServices status=SUCCESS method=HomePagetestscripts.validatefooterForServices(java.lang.String)[pri:3, instance:com.atmecs.testScripts.HomePagetestscripts@44a664f2] output={null}]]]>
              </value>
            </param>
          </params>
          <reporter-output>
          </reporter-output>
        </test-method> <!-- tearDown -->
        <test-method signature="clickHeaderCareers()[pri:4, instance:com.atmecs.testScripts.HomePagetestscripts@44a664f2]" started-at="2019-10-01T06:02:34Z" name="clickHeaderCareers" finished-at="2019-10-01T06:02:36Z" duration-ms="2594" status="PASS">
          <reporter-output>
          </reporter-output>
        </test-method> <!-- clickHeaderCareers -->
        <test-method is-config="true" signature="tearDown(org.testng.ITestResult)[pri:0, instance:com.atmecs.testScripts.HomePagetestscripts@44a664f2]" started-at="2019-10-01T06:02:36Z" name="tearDown" finished-at="2019-10-01T06:02:36Z" duration-ms="1" status="PASS">
          <params>
            <param index="0">
              <value>
                <![CDATA[[TestResult name=clickHeaderCareers status=SUCCESS method=HomePagetestscripts.clickHeaderCareers()[pri:4, instance:com.atmecs.testScripts.HomePagetestscripts@44a664f2] output={null}]]]>
              </value>
            </param>
          </params>
          <reporter-output>
          </reporter-output>
        </test-method> <!-- tearDown -->
        <test-method signature="validatefooterForCareers(java.lang.String)[pri:5, instance:com.atmecs.testScripts.HomePagetestscripts@44a664f2]" started-at="2019-10-01T06:02:37Z" name="validatefooterForCareers" data-provider="footer2" finished-at="2019-10-01T06:02:37Z" duration-ms="75" status="PASS">
          <params>
            <param index="0">
              <value>
                <![CDATA[Home]]>
              </value>
            </param>
          </params>
          <reporter-output>
          </reporter-output>
        </test-method> <!-- validatefooterForCareers -->
        <test-method signature="validatefooterForCareers(java.lang.String)[pri:5, instance:com.atmecs.testScripts.HomePagetestscripts@44a664f2]" started-at="2019-10-01T06:02:37Z" name="validatefooterForCareers" data-provider="footer2" finished-at="2019-10-01T06:02:37Z" duration-ms="64" status="PASS">
          <params>
            <param index="0">
              <value>
                <![CDATA[About Us]]>
              </value>
            </param>
          </params>
          <reporter-output>
          </reporter-output>
        </test-method> <!-- validatefooterForCareers -->
        <test-method is-config="true" signature="tearDown(org.testng.ITestResult)[pri:0, instance:com.atmecs.testScripts.HomePagetestscripts@44a664f2]" started-at="2019-10-01T06:02:37Z" name="tearDown" finished-at="2019-10-01T06:02:37Z" duration-ms="0" status="PASS">
          <params>
            <param index="0">
              <value>
                <![CDATA[[TestResult name=validatefooterForCareers status=SUCCESS method=HomePagetestscripts.validatefooterForCareers(java.lang.String)[pri:5, instance:com.atmecs.testScripts.HomePagetestscripts@44a664f2] output={null}]]]>
              </value>
            </param>
          </params>
          <reporter-output>
          </reporter-output>
        </test-method> <!-- tearDown -->
        <test-method is-config="true" signature="tearDown(org.testng.ITestResult)[pri:0, instance:com.atmecs.testScripts.HomePagetestscripts@44a664f2]" started-at="2019-10-01T06:02:37Z" name="tearDown" finished-at="2019-10-01T06:02:37Z" duration-ms="0" status="PASS">
          <params>
            <param index="0">
              <value>
                <![CDATA[[TestResult name=validatefooterForCareers status=SUCCESS method=HomePagetestscripts.validatefooterForCareers(java.lang.String)[pri:5, instance:com.atmecs.testScripts.HomePagetestscripts@44a664f2] output={null}]]]>
              </value>
            </param>
          </params>
          <reporter-output>
          </reporter-output>
        </test-method> <!-- tearDown -->
        <test-method signature="validatefooterForCareers(java.lang.String)[pri:5, instance:com.atmecs.testScripts.HomePagetestscripts@44a664f2]" started-at="2019-10-01T06:02:37Z" name="validatefooterForCareers" data-provider="footer2" finished-at="2019-10-01T06:02:37Z" duration-ms="58" status="PASS">
          <params>
            <param index="0">
              <value>
                <![CDATA[Services]]>
              </value>
            </param>
          </params>
          <reporter-output>
          </reporter-output>
        </test-method> <!-- validatefooterForCareers -->
        <test-method signature="validatefooterForCareers(java.lang.String)[pri:5, instance:com.atmecs.testScripts.HomePagetestscripts@44a664f2]" started-at="2019-10-01T06:02:37Z" name="validatefooterForCareers" data-provider="footer2" finished-at="2019-10-01T06:02:37Z" duration-ms="60" status="PASS">
          <params>
            <param index="0">
              <value>
                <![CDATA[Partners]]>
              </value>
            </param>
          </params>
          <reporter-output>
          </reporter-output>
        </test-method> <!-- validatefooterForCareers -->
        <test-method is-config="true" signature="tearDown(org.testng.ITestResult)[pri:0, instance:com.atmecs.testScripts.HomePagetestscripts@44a664f2]" started-at="2019-10-01T06:02:37Z" name="tearDown" finished-at="2019-10-01T06:02:37Z" duration-ms="0" status="PASS">
          <params>
            <param index="0">
              <value>
                <![CDATA[[TestResult name=validatefooterForCareers status=SUCCESS method=HomePagetestscripts.validatefooterForCareers(java.lang.String)[pri:5, instance:com.atmecs.testScripts.HomePagetestscripts@44a664f2] output={null}]]]>
              </value>
            </param>
          </params>
          <reporter-output>
          </reporter-output>
        </test-method> <!-- tearDown -->
        <test-method is-config="true" signature="tearDown(org.testng.ITestResult)[pri:0, instance:com.atmecs.testScripts.HomePagetestscripts@44a664f2]" started-at="2019-10-01T06:02:37Z" name="tearDown" finished-at="2019-10-01T06:02:37Z" duration-ms="1" status="PASS">
          <params>
            <param index="0">
              <value>
                <![CDATA[[TestResult name=validatefooterForCareers status=SUCCESS method=HomePagetestscripts.validatefooterForCareers(java.lang.String)[pri:5, instance:com.atmecs.testScripts.HomePagetestscripts@44a664f2] output={null}]]]>
              </value>
            </param>
          </params>
          <reporter-output>
          </reporter-output>
        </test-method> <!-- tearDown -->
        <test-method signature="validatefooterForCareers(java.lang.String)[pri:5, instance:com.atmecs.testScripts.HomePagetestscripts@44a664f2]" started-at="2019-10-01T06:02:37Z" name="validatefooterForCareers" data-provider="footer2" finished-at="2019-10-01T06:02:37Z" duration-ms="58" status="PASS">
          <params>
            <param index="0">
              <value>
                <![CDATA[Case Studies old]]>
              </value>
            </param>
          </params>
          <reporter-output>
          </reporter-output>
        </test-method> <!-- validatefooterForCareers -->
        <test-method signature="validatefooterForCareers(java.lang.String)[pri:5, instance:com.atmecs.testScripts.HomePagetestscripts@44a664f2]" started-at="2019-10-01T06:02:37Z" name="validatefooterForCareers" data-provider="footer2" finished-at="2019-10-01T06:02:37Z" duration-ms="56" status="PASS">
          <params>
            <param index="0">
              <value>
                <![CDATA[Careers]]>
              </value>
            </param>
          </params>
          <reporter-output>
          </reporter-output>
        </test-method> <!-- validatefooterForCareers -->
        <test-method is-config="true" signature="tearDown(org.testng.ITestResult)[pri:0, instance:com.atmecs.testScripts.HomePagetestscripts@44a664f2]" started-at="2019-10-01T06:02:37Z" name="tearDown" finished-at="2019-10-01T06:02:37Z" duration-ms="0" status="PASS">
          <params>
            <param index="0">
              <value>
                <![CDATA[[TestResult name=validatefooterForCareers status=SUCCESS method=HomePagetestscripts.validatefooterForCareers(java.lang.String)[pri:5, instance:com.atmecs.testScripts.HomePagetestscripts@44a664f2] output={null}]]]>
              </value>
            </param>
          </params>
          <reporter-output>
          </reporter-output>
        </test-method> <!-- tearDown -->
        <test-method is-config="true" signature="tearDown(org.testng.ITestResult)[pri:0, instance:com.atmecs.testScripts.HomePagetestscripts@44a664f2]" started-at="2019-10-01T06:02:37Z" name="tearDown" finished-at="2019-10-01T06:02:37Z" duration-ms="1" status="PASS">
          <params>
            <param index="0">
              <value>
                <![CDATA[[TestResult name=validatefooterForCareers status=SUCCESS method=HomePagetestscripts.validatefooterForCareers(java.lang.String)[pri:5, instance:com.atmecs.testScripts.HomePagetestscripts@44a664f2] output={null}]]]>
              </value>
            </param>
          </params>
          <reporter-output>
          </reporter-output>
        </test-method> <!-- tearDown -->
        <test-method signature="validatefooterForCareers(java.lang.String)[pri:5, instance:com.atmecs.testScripts.HomePagetestscripts@44a664f2]" started-at="2019-10-01T06:02:37Z" name="validatefooterForCareers" data-provider="footer2" finished-at="2019-10-01T06:02:37Z" duration-ms="54" status="PASS">
          <params>
            <param index="0">
              <value>
                <![CDATA[Contact Us]]>
              </value>
            </param>
          </params>
          <reporter-output>
          </reporter-output>
        </test-method> <!-- validatefooterForCareers -->
        <test-method is-config="true" signature="tearDown(org.testng.ITestResult)[pri:0, instance:com.atmecs.testScripts.HomePagetestscripts@44a664f2]" started-at="2019-10-01T06:02:37Z" name="tearDown" finished-at="2019-10-01T06:02:37Z" duration-ms="0" status="PASS">
          <params>
            <param index="0">
              <value>
                <![CDATA[[TestResult name=validatefooterForCareers status=SUCCESS method=HomePagetestscripts.validatefooterForCareers(java.lang.String)[pri:5, instance:com.atmecs.testScripts.HomePagetestscripts@44a664f2] output={null}]]]>
              </value>
            </param>
          </params>
          <reporter-output>
          </reporter-output>
        </test-method> <!-- tearDown -->
        <test-method signature="validatefooterForCareers(java.lang.String)[pri:5, instance:com.atmecs.testScripts.HomePagetestscripts@44a664f2]" started-at="2019-10-01T06:02:37Z" name="validatefooterForCareers" data-provider="footer2" finished-at="2019-10-01T06:02:37Z" duration-ms="51" status="PASS">
          <params>
            <param index="0">
              <value>
                <![CDATA[Automation Engineer]]>
              </value>
            </param>
          </params>
          <reporter-output>
          </reporter-output>
        </test-method> <!-- validatefooterForCareers -->
        <test-method is-config="true" signature="tearDown(org.testng.ITestResult)[pri:0, instance:com.atmecs.testScripts.HomePagetestscripts@44a664f2]" started-at="2019-10-01T06:02:37Z" name="tearDown" finished-at="2019-10-01T06:02:37Z" duration-ms="1" status="PASS">
          <params>
            <param index="0">
              <value>
                <![CDATA[[TestResult name=validatefooterForCareers status=SUCCESS method=HomePagetestscripts.validatefooterForCareers(java.lang.String)[pri:5, instance:com.atmecs.testScripts.HomePagetestscripts@44a664f2] output={null}]]]>
              </value>
            </param>
          </params>
          <reporter-output>
          </reporter-output>
        </test-method> <!-- tearDown -->
        <test-method signature="validatefooterForCareers(java.lang.String)[pri:5, instance:com.atmecs.testScripts.HomePagetestscripts@44a664f2]" started-at="2019-10-01T06:02:37Z" name="validatefooterForCareers" data-provider="footer2" finished-at="2019-10-01T06:02:37Z" duration-ms="45" status="PASS">
          <params>
            <param index="0">
              <value>
                <![CDATA[DevOps Engineer]]>
              </value>
            </param>
          </params>
          <reporter-output>
          </reporter-output>
        </test-method> <!-- validatefooterForCareers -->
        <test-method is-config="true" signature="tearDown(org.testng.ITestResult)[pri:0, instance:com.atmecs.testScripts.HomePagetestscripts@44a664f2]" started-at="2019-10-01T06:02:37Z" name="tearDown" finished-at="2019-10-01T06:02:37Z" duration-ms="0" status="PASS">
          <params>
            <param index="0">
              <value>
                <![CDATA[[TestResult name=validatefooterForCareers status=SUCCESS method=HomePagetestscripts.validatefooterForCareers(java.lang.String)[pri:5, instance:com.atmecs.testScripts.HomePagetestscripts@44a664f2] output={null}]]]>
              </value>
            </param>
          </params>
          <reporter-output>
          </reporter-output>
        </test-method> <!-- tearDown -->
        <test-method signature="validatefooterForCareers(java.lang.String)[pri:5, instance:com.atmecs.testScripts.HomePagetestscripts@44a664f2]" started-at="2019-10-01T06:02:37Z" name="validatefooterForCareers" data-provider="footer2" finished-at="2019-10-01T06:02:37Z" duration-ms="47" status="PASS">
          <params>
            <param index="0">
              <value>
                <![CDATA[Senior .NET Engineer]]>
              </value>
            </param>
          </params>
          <reporter-output>
          </reporter-output>
        </test-method> <!-- validatefooterForCareers -->
        <test-method is-config="true" signature="tearDown(org.testng.ITestResult)[pri:0, instance:com.atmecs.testScripts.HomePagetestscripts@44a664f2]" started-at="2019-10-01T06:02:37Z" name="tearDown" finished-at="2019-10-01T06:02:37Z" duration-ms="1" status="PASS">
          <params>
            <param index="0">
              <value>
                <![CDATA[[TestResult name=validatefooterForCareers status=SUCCESS method=HomePagetestscripts.validatefooterForCareers(java.lang.String)[pri:5, instance:com.atmecs.testScripts.HomePagetestscripts@44a664f2] output={null}]]]>
              </value>
            </param>
          </params>
          <reporter-output>
          </reporter-output>
        </test-method> <!-- tearDown -->
        <test-method signature="validatefooterForCareers(java.lang.String)[pri:5, instance:com.atmecs.testScripts.HomePagetestscripts@44a664f2]" started-at="2019-10-01T06:02:37Z" name="validatefooterForCareers" data-provider="footer2" finished-at="2019-10-01T06:02:37Z" duration-ms="56" status="PASS">
          <params>
            <param index="0">
              <value>
                <![CDATA[Senior Java/J2EE Engineer]]>
              </value>
            </param>
          </params>
          <reporter-output>
          </reporter-output>
        </test-method> <!-- validatefooterForCareers -->
        <test-method signature="validatefooterForCareers(java.lang.String)[pri:5, instance:com.atmecs.testScripts.HomePagetestscripts@44a664f2]" started-at="2019-10-01T06:02:37Z" name="validatefooterForCareers" data-provider="footer2" finished-at="2019-10-01T06:02:37Z" duration-ms="41" status="PASS">
          <params>
            <param index="0">
              <value>
                <![CDATA[US Headquarters]]>
              </value>
            </param>
          </params>
          <reporter-output>
          </reporter-output>
        </test-method> <!-- validatefooterForCareers -->
        <test-method is-config="true" signature="tearDown(org.testng.ITestResult)[pri:0, instance:com.atmecs.testScripts.HomePagetestscripts@44a664f2]" started-at="2019-10-01T06:02:37Z" name="tearDown" finished-at="2019-10-01T06:02:37Z" duration-ms="0" status="PASS">
          <params>
            <param index="0">
              <value>
                <![CDATA[[TestResult name=validatefooterForCareers status=SUCCESS method=HomePagetestscripts.validatefooterForCareers(java.lang.String)[pri:5, instance:com.atmecs.testScripts.HomePagetestscripts@44a664f2] output={null}]]]>
              </value>
            </param>
          </params>
          <reporter-output>
          </reporter-output>
        </test-method> <!-- tearDown -->
        <test-method is-config="true" signature="tearDown(org.testng.ITestResult)[pri:0, instance:com.atmecs.testScripts.HomePagetestscripts@44a664f2]" started-at="2019-10-01T06:02:37Z" name="tearDown" finished-at="2019-10-01T06:02:37Z" duration-ms="1" status="PASS">
          <params>
            <param index="0">
              <value>
                <![CDATA[[TestResult name=validatefooterForCareers status=SUCCESS method=HomePagetestscripts.validatefooterForCareers(java.lang.String)[pri:5, instance:com.atmecs.testScripts.HomePagetestscripts@44a664f2] output={null}]]]>
              </value>
            </param>
          </params>
          <reporter-output>
          </reporter-output>
        </test-method> <!-- tearDown -->
        <test-method signature="validatefooterForCareers(java.lang.String)[pri:5, instance:com.atmecs.testScripts.HomePagetestscripts@44a664f2]" started-at="2019-10-01T06:02:37Z" name="validatefooterForCareers" data-provider="footer2" finished-at="2019-10-01T06:02:37Z" duration-ms="48" status="PASS">
          <params>
            <param index="0">
              <value>
                <![CDATA[US R&D Center]]>
              </value>
            </param>
          </params>
          <reporter-output>
          </reporter-output>
        </test-method> <!-- validatefooterForCareers -->
        <test-method is-config="true" signature="tearDown(org.testng.ITestResult)[pri:0, instance:com.atmecs.testScripts.HomePagetestscripts@44a664f2]" started-at="2019-10-01T06:02:37Z" name="tearDown" finished-at="2019-10-01T06:02:37Z" duration-ms="1" status="PASS">
          <params>
            <param index="0">
              <value>
                <![CDATA[[TestResult name=validatefooterForCareers status=SUCCESS method=HomePagetestscripts.validatefooterForCareers(java.lang.String)[pri:5, instance:com.atmecs.testScripts.HomePagetestscripts@44a664f2] output={null}]]]>
              </value>
            </param>
          </params>
          <reporter-output>
          </reporter-output>
        </test-method> <!-- tearDown -->
        <test-method signature="validatefooterForCareers(java.lang.String)[pri:5, instance:com.atmecs.testScripts.HomePagetestscripts@44a664f2]" started-at="2019-10-01T06:02:37Z" name="validatefooterForCareers" data-provider="footer2" finished-at="2019-10-01T06:02:37Z" duration-ms="51" status="PASS">
          <params>
            <param index="0">
              <value>
                <![CDATA[info@atmecs.com]]>
              </value>
            </param>
          </params>
          <reporter-output>
          </reporter-output>
        </test-method> <!-- validatefooterForCareers -->
        <test-method is-config="true" signature="tearDown(org.testng.ITestResult)[pri:0, instance:com.atmecs.testScripts.HomePagetestscripts@44a664f2]" started-at="2019-10-01T06:02:37Z" name="tearDown" finished-at="2019-10-01T06:02:37Z" duration-ms="1" status="PASS">
          <params>
            <param index="0">
              <value>
                <![CDATA[[TestResult name=validatefooterForCareers status=SUCCESS method=HomePagetestscripts.validatefooterForCareers(java.lang.String)[pri:5, instance:com.atmecs.testScripts.HomePagetestscripts@44a664f2] output={null}]]]>
              </value>
            </param>
          </params>
          <reporter-output>
          </reporter-output>
        </test-method> <!-- tearDown -->
        <test-method signature="validatefooterForCareers(java.lang.String)[pri:5, instance:com.atmecs.testScripts.HomePagetestscripts@44a664f2]" started-at="2019-10-01T06:02:37Z" name="validatefooterForCareers" data-provider="footer2" finished-at="2019-10-01T06:02:37Z" duration-ms="0" status="PASS">
          <params>
            <param index="0">
              <value is-null="true"/>
            </param>
          </params>
          <reporter-output>
          </reporter-output>
        </test-method> <!-- validatefooterForCareers -->
        <test-method is-config="true" signature="tearDown(org.testng.ITestResult)[pri:0, instance:com.atmecs.testScripts.HomePagetestscripts@44a664f2]" started-at="2019-10-01T06:02:37Z" name="tearDown" finished-at="2019-10-01T06:02:37Z" duration-ms="0" status="PASS">
          <params>
            <param index="0">
              <value>
                <![CDATA[[TestResult name=validatefooterForCareers status=SUCCESS method=HomePagetestscripts.validatefooterForCareers(java.lang.String)[pri:5, instance:com.atmecs.testScripts.HomePagetestscripts@44a664f2] output={null}]]]>
              </value>
            </param>
          </params>
          <reporter-output>
          </reporter-output>
        </test-method> <!-- tearDown -->
        <test-method signature="clickHeaderAboutUs()[pri:6, instance:com.atmecs.testScripts.HomePagetestscripts@44a664f2]" started-at="2019-10-01T06:02:37Z" name="clickHeaderAboutUs" finished-at="2019-10-01T06:02:40Z" duration-ms="2264" status="PASS">
          <reporter-output>
          </reporter-output>
        </test-method> <!-- clickHeaderAboutUs -->
        <test-method is-config="true" signature="tearDown(org.testng.ITestResult)[pri:0, instance:com.atmecs.testScripts.HomePagetestscripts@44a664f2]" started-at="2019-10-01T06:02:40Z" name="tearDown" finished-at="2019-10-01T06:02:40Z" duration-ms="1" status="PASS">
          <params>
            <param index="0">
              <value>
                <![CDATA[[TestResult name=clickHeaderAboutUs status=SUCCESS method=HomePagetestscripts.clickHeaderAboutUs()[pri:6, instance:com.atmecs.testScripts.HomePagetestscripts@44a664f2] output={null}]]]>
              </value>
            </param>
          </params>
          <reporter-output>
          </reporter-output>
        </test-method> <!-- tearDown -->
        <test-method signature="validatefooterForAboutUs(java.lang.String)[pri:7, instance:com.atmecs.testScripts.HomePagetestscripts@44a664f2]" started-at="2019-10-01T06:02:40Z" name="validatefooterForAboutUs" data-provider="footer2" finished-at="2019-10-01T06:02:40Z" duration-ms="49" status="PASS">
          <params>
            <param index="0">
              <value>
                <![CDATA[Home]]>
              </value>
            </param>
          </params>
          <reporter-output>
          </reporter-output>
        </test-method> <!-- validatefooterForAboutUs -->
        <test-method is-config="true" signature="tearDown(org.testng.ITestResult)[pri:0, instance:com.atmecs.testScripts.HomePagetestscripts@44a664f2]" started-at="2019-10-01T06:02:40Z" name="tearDown" finished-at="2019-10-01T06:02:40Z" duration-ms="0" status="PASS">
          <params>
            <param index="0">
              <value>
                <![CDATA[[TestResult name=validatefooterForAboutUs status=SUCCESS method=HomePagetestscripts.validatefooterForAboutUs(java.lang.String)[pri:7, instance:com.atmecs.testScripts.HomePagetestscripts@44a664f2] output={null}]]]>
              </value>
            </param>
          </params>
          <reporter-output>
          </reporter-output>
        </test-method> <!-- tearDown -->
        <test-method signature="validatefooterForAboutUs(java.lang.String)[pri:7, instance:com.atmecs.testScripts.HomePagetestscripts@44a664f2]" started-at="2019-10-01T06:02:40Z" name="validatefooterForAboutUs" data-provider="footer2" finished-at="2019-10-01T06:02:40Z" duration-ms="47" status="PASS">
          <params>
            <param index="0">
              <value>
                <![CDATA[About Us]]>
              </value>
            </param>
          </params>
          <reporter-output>
          </reporter-output>
        </test-method> <!-- validatefooterForAboutUs -->
        <test-method is-config="true" signature="tearDown(org.testng.ITestResult)[pri:0, instance:com.atmecs.testScripts.HomePagetestscripts@44a664f2]" started-at="2019-10-01T06:02:40Z" name="tearDown" finished-at="2019-10-01T06:02:40Z" duration-ms="0" status="PASS">
          <params>
            <param index="0">
              <value>
                <![CDATA[[TestResult name=validatefooterForAboutUs status=SUCCESS method=HomePagetestscripts.validatefooterForAboutUs(java.lang.String)[pri:7, instance:com.atmecs.testScripts.HomePagetestscripts@44a664f2] output={null}]]]>
              </value>
            </param>
          </params>
          <reporter-output>
          </reporter-output>
        </test-method> <!-- tearDown -->
        <test-method signature="validatefooterForAboutUs(java.lang.String)[pri:7, instance:com.atmecs.testScripts.HomePagetestscripts@44a664f2]" started-at="2019-10-01T06:02:40Z" name="validatefooterForAboutUs" data-provider="footer2" finished-at="2019-10-01T06:02:40Z" duration-ms="48" status="PASS">
          <params>
            <param index="0">
              <value>
                <![CDATA[Services]]>
              </value>
            </param>
          </params>
          <reporter-output>
          </reporter-output>
        </test-method> <!-- validatefooterForAboutUs -->
        <test-method is-config="true" signature="tearDown(org.testng.ITestResult)[pri:0, instance:com.atmecs.testScripts.HomePagetestscripts@44a664f2]" started-at="2019-10-01T06:02:40Z" name="tearDown" finished-at="2019-10-01T06:02:40Z" duration-ms="0" status="PASS">
          <params>
            <param index="0">
              <value>
                <![CDATA[[TestResult name=validatefooterForAboutUs status=SUCCESS method=HomePagetestscripts.validatefooterForAboutUs(java.lang.String)[pri:7, instance:com.atmecs.testScripts.HomePagetestscripts@44a664f2] output={null}]]]>
              </value>
            </param>
          </params>
          <reporter-output>
          </reporter-output>
        </test-method> <!-- tearDown -->
        <test-method signature="validatefooterForAboutUs(java.lang.String)[pri:7, instance:com.atmecs.testScripts.HomePagetestscripts@44a664f2]" started-at="2019-10-01T06:02:40Z" name="validatefooterForAboutUs" data-provider="footer2" finished-at="2019-10-01T06:02:40Z" duration-ms="52" status="PASS">
          <params>
            <param index="0">
              <value>
                <![CDATA[Partners]]>
              </value>
            </param>
          </params>
          <reporter-output>
          </reporter-output>
        </test-method> <!-- validatefooterForAboutUs -->
        <test-method signature="validatefooterForAboutUs(java.lang.String)[pri:7, instance:com.atmecs.testScripts.HomePagetestscripts@44a664f2]" started-at="2019-10-01T06:02:40Z" name="validatefooterForAboutUs" data-provider="footer2" finished-at="2019-10-01T06:02:40Z" duration-ms="43" status="PASS">
          <params>
            <param index="0">
              <value>
                <![CDATA[Case Studies old]]>
              </value>
            </param>
          </params>
          <reporter-output>
          </reporter-output>
        </test-method> <!-- validatefooterForAboutUs -->
        <test-method is-config="true" signature="tearDown(org.testng.ITestResult)[pri:0, instance:com.atmecs.testScripts.HomePagetestscripts@44a664f2]" started-at="2019-10-01T06:02:40Z" name="tearDown" finished-at="2019-10-01T06:02:40Z" duration-ms="0" status="PASS">
          <params>
            <param index="0">
              <value>
                <![CDATA[[TestResult name=validatefooterForAboutUs status=SUCCESS method=HomePagetestscripts.validatefooterForAboutUs(java.lang.String)[pri:7, instance:com.atmecs.testScripts.HomePagetestscripts@44a664f2] output={null}]]]>
              </value>
            </param>
          </params>
          <reporter-output>
          </reporter-output>
        </test-method> <!-- tearDown -->
        <test-method is-config="true" signature="tearDown(org.testng.ITestResult)[pri:0, instance:com.atmecs.testScripts.HomePagetestscripts@44a664f2]" started-at="2019-10-01T06:02:40Z" name="tearDown" finished-at="2019-10-01T06:02:40Z" duration-ms="0" status="PASS">
          <params>
            <param index="0">
              <value>
                <![CDATA[[TestResult name=validatefooterForAboutUs status=SUCCESS method=HomePagetestscripts.validatefooterForAboutUs(java.lang.String)[pri:7, instance:com.atmecs.testScripts.HomePagetestscripts@44a664f2] output={null}]]]>
              </value>
            </param>
          </params>
          <reporter-output>
          </reporter-output>
        </test-method> <!-- tearDown -->
        <test-method signature="validatefooterForAboutUs(java.lang.String)[pri:7, instance:com.atmecs.testScripts.HomePagetestscripts@44a664f2]" started-at="2019-10-01T06:02:40Z" name="validatefooterForAboutUs" data-provider="footer2" finished-at="2019-10-01T06:02:40Z" duration-ms="46" status="PASS">
          <params>
            <param index="0">
              <value>
                <![CDATA[Careers]]>
              </value>
            </param>
          </params>
          <reporter-output>
          </reporter-output>
        </test-method> <!-- validatefooterForAboutUs -->
        <test-method is-config="true" signature="tearDown(org.testng.ITestResult)[pri:0, instance:com.atmecs.testScripts.HomePagetestscripts@44a664f2]" started-at="2019-10-01T06:02:40Z" name="tearDown" finished-at="2019-10-01T06:02:40Z" duration-ms="0" status="PASS">
          <params>
            <param index="0">
              <value>
                <![CDATA[[TestResult name=validatefooterForAboutUs status=SUCCESS method=HomePagetestscripts.validatefooterForAboutUs(java.lang.String)[pri:7, instance:com.atmecs.testScripts.HomePagetestscripts@44a664f2] output={null}]]]>
              </value>
            </param>
          </params>
          <reporter-output>
          </reporter-output>
        </test-method> <!-- tearDown -->
        <test-method signature="validatefooterForAboutUs(java.lang.String)[pri:7, instance:com.atmecs.testScripts.HomePagetestscripts@44a664f2]" started-at="2019-10-01T06:02:40Z" name="validatefooterForAboutUs" data-provider="footer2" finished-at="2019-10-01T06:02:40Z" duration-ms="47" status="PASS">
          <params>
            <param index="0">
              <value>
                <![CDATA[Contact Us]]>
              </value>
            </param>
          </params>
          <reporter-output>
          </reporter-output>
        </test-method> <!-- validatefooterForAboutUs -->
        <test-method is-config="true" signature="tearDown(org.testng.ITestResult)[pri:0, instance:com.atmecs.testScripts.HomePagetestscripts@44a664f2]" started-at="2019-10-01T06:02:40Z" name="tearDown" finished-at="2019-10-01T06:02:40Z" duration-ms="0" status="PASS">
          <params>
            <param index="0">
              <value>
                <![CDATA[[TestResult name=validatefooterForAboutUs status=SUCCESS method=HomePagetestscripts.validatefooterForAboutUs(java.lang.String)[pri:7, instance:com.atmecs.testScripts.HomePagetestscripts@44a664f2] output={null}]]]>
              </value>
            </param>
          </params>
          <reporter-output>
          </reporter-output>
        </test-method> <!-- tearDown -->
        <test-method signature="validatefooterForAboutUs(java.lang.String)[pri:7, instance:com.atmecs.testScripts.HomePagetestscripts@44a664f2]" started-at="2019-10-01T06:02:40Z" name="validatefooterForAboutUs" data-provider="footer2" finished-at="2019-10-01T06:02:40Z" duration-ms="46" status="PASS">
          <params>
            <param index="0">
              <value>
                <![CDATA[Automation Engineer]]>
              </value>
            </param>
          </params>
          <reporter-output>
          </reporter-output>
        </test-method> <!-- validatefooterForAboutUs -->
        <test-method is-config="true" signature="tearDown(org.testng.ITestResult)[pri:0, instance:com.atmecs.testScripts.HomePagetestscripts@44a664f2]" started-at="2019-10-01T06:02:40Z" name="tearDown" finished-at="2019-10-01T06:02:40Z" duration-ms="1" status="PASS">
          <params>
            <param index="0">
              <value>
                <![CDATA[[TestResult name=validatefooterForAboutUs status=SUCCESS method=HomePagetestscripts.validatefooterForAboutUs(java.lang.String)[pri:7, instance:com.atmecs.testScripts.HomePagetestscripts@44a664f2] output={null}]]]>
              </value>
            </param>
          </params>
          <reporter-output>
          </reporter-output>
        </test-method> <!-- tearDown -->
        <test-method signature="validatefooterForAboutUs(java.lang.String)[pri:7, instance:com.atmecs.testScripts.HomePagetestscripts@44a664f2]" started-at="2019-10-01T06:02:40Z" name="validatefooterForAboutUs" data-provider="footer2" finished-at="2019-10-01T06:02:40Z" duration-ms="49" status="PASS">
          <params>
            <param index="0">
              <value>
                <![CDATA[DevOps Engineer]]>
              </value>
            </param>
          </params>
          <reporter-output>
          </reporter-output>
        </test-method> <!-- validatefooterForAboutUs -->
        <test-method signature="validatefooterForAboutUs(java.lang.String)[pri:7, instance:com.atmecs.testScripts.HomePagetestscripts@44a664f2]" started-at="2019-10-01T06:02:40Z" name="validatefooterForAboutUs" data-provider="footer2" finished-at="2019-10-01T06:02:40Z" duration-ms="43" status="PASS">
          <params>
            <param index="0">
              <value>
                <![CDATA[Senior .NET Engineer]]>
              </value>
            </param>
          </params>
          <reporter-output>
          </reporter-output>
        </test-method> <!-- validatefooterForAboutUs -->
        <test-method is-config="true" signature="tearDown(org.testng.ITestResult)[pri:0, instance:com.atmecs.testScripts.HomePagetestscripts@44a664f2]" started-at="2019-10-01T06:02:40Z" name="tearDown" finished-at="2019-10-01T06:02:40Z" duration-ms="0" status="PASS">
          <params>
            <param index="0">
              <value>
                <![CDATA[[TestResult name=validatefooterForAboutUs status=SUCCESS method=HomePagetestscripts.validatefooterForAboutUs(java.lang.String)[pri:7, instance:com.atmecs.testScripts.HomePagetestscripts@44a664f2] output={null}]]]>
              </value>
            </param>
          </params>
          <reporter-output>
          </reporter-output>
        </test-method> <!-- tearDown -->
        <test-method is-config="true" signature="tearDown(org.testng.ITestResult)[pri:0, instance:com.atmecs.testScripts.HomePagetestscripts@44a664f2]" started-at="2019-10-01T06:02:40Z" name="tearDown" finished-at="2019-10-01T06:02:40Z" duration-ms="0" status="PASS">
          <params>
            <param index="0">
              <value>
                <![CDATA[[TestResult name=validatefooterForAboutUs status=SUCCESS method=HomePagetestscripts.validatefooterForAboutUs(java.lang.String)[pri:7, instance:com.atmecs.testScripts.HomePagetestscripts@44a664f2] output={null}]]]>
              </value>
            </param>
          </params>
          <reporter-output>
          </reporter-output>
        </test-method> <!-- tearDown -->
        <test-method signature="validatefooterForAboutUs(java.lang.String)[pri:7, instance:com.atmecs.testScripts.HomePagetestscripts@44a664f2]" started-at="2019-10-01T06:02:40Z" name="validatefooterForAboutUs" data-provider="footer2" finished-at="2019-10-01T06:02:40Z" duration-ms="44" status="PASS">
          <params>
            <param index="0">
              <value>
                <![CDATA[Senior Java/J2EE Engineer]]>
              </value>
            </param>
          </params>
          <reporter-output>
          </reporter-output>
        </test-method> <!-- validatefooterForAboutUs -->
        <test-method signature="validatefooterForAboutUs(java.lang.String)[pri:7, instance:com.atmecs.testScripts.HomePagetestscripts@44a664f2]" started-at="2019-10-01T06:02:40Z" name="validatefooterForAboutUs" data-provider="footer2" finished-at="2019-10-01T06:02:40Z" duration-ms="43" status="PASS">
          <params>
            <param index="0">
              <value>
                <![CDATA[US Headquarters]]>
              </value>
            </param>
          </params>
          <reporter-output>
          </reporter-output>
        </test-method> <!-- validatefooterForAboutUs -->
        <test-method is-config="true" signature="tearDown(org.testng.ITestResult)[pri:0, instance:com.atmecs.testScripts.HomePagetestscripts@44a664f2]" started-at="2019-10-01T06:02:40Z" name="tearDown" finished-at="2019-10-01T06:02:40Z" duration-ms="0" status="PASS">
          <params>
            <param index="0">
              <value>
                <![CDATA[[TestResult name=validatefooterForAboutUs status=SUCCESS method=HomePagetestscripts.validatefooterForAboutUs(java.lang.String)[pri:7, instance:com.atmecs.testScripts.HomePagetestscripts@44a664f2] output={null}]]]>
              </value>
            </param>
          </params>
          <reporter-output>
          </reporter-output>
        </test-method> <!-- tearDown -->
        <test-method signature="validatefooterForAboutUs(java.lang.String)[pri:7, instance:com.atmecs.testScripts.HomePagetestscripts@44a664f2]" started-at="2019-10-01T06:02:40Z" name="validatefooterForAboutUs" data-provider="footer2" finished-at="2019-10-01T06:02:40Z" duration-ms="44" status="PASS">
          <params>
            <param index="0">
              <value>
                <![CDATA[US R&D Center]]>
              </value>
            </param>
          </params>
          <reporter-output>
          </reporter-output>
        </test-method> <!-- validatefooterForAboutUs -->
        <test-method is-config="true" signature="tearDown(org.testng.ITestResult)[pri:0, instance:com.atmecs.testScripts.HomePagetestscripts@44a664f2]" started-at="2019-10-01T06:02:40Z" name="tearDown" finished-at="2019-10-01T06:02:40Z" duration-ms="0" status="PASS">
          <params>
            <param index="0">
              <value>
                <![CDATA[[TestResult name=validatefooterForAboutUs status=SUCCESS method=HomePagetestscripts.validatefooterForAboutUs(java.lang.String)[pri:7, instance:com.atmecs.testScripts.HomePagetestscripts@44a664f2] output={null}]]]>
              </value>
            </param>
          </params>
          <reporter-output>
          </reporter-output>
        </test-method> <!-- tearDown -->
        <test-method is-config="true" signature="tearDown(org.testng.ITestResult)[pri:0, instance:com.atmecs.testScripts.HomePagetestscripts@44a664f2]" started-at="2019-10-01T06:02:40Z" name="tearDown" finished-at="2019-10-01T06:02:40Z" duration-ms="0" status="PASS">
          <params>
            <param index="0">
              <value>
                <![CDATA[[TestResult name=validatefooterForAboutUs status=SUCCESS method=HomePagetestscripts.validatefooterForAboutUs(java.lang.String)[pri:7, instance:com.atmecs.testScripts.HomePagetestscripts@44a664f2] output={null}]]]>
              </value>
            </param>
          </params>
          <reporter-output>
          </reporter-output>
        </test-method> <!-- tearDown -->
        <test-method signature="validatefooterForAboutUs(java.lang.String)[pri:7, instance:com.atmecs.testScripts.HomePagetestscripts@44a664f2]" started-at="2019-10-01T06:02:40Z" name="validatefooterForAboutUs" data-provider="footer2" finished-at="2019-10-01T06:02:40Z" duration-ms="47" status="PASS">
          <params>
            <param index="0">
              <value>
                <![CDATA[info@atmecs.com]]>
              </value>
            </param>
          </params>
          <reporter-output>
          </reporter-output>
        </test-method> <!-- validatefooterForAboutUs -->
        <test-method is-config="true" signature="tearDown(org.testng.ITestResult)[pri:0, instance:com.atmecs.testScripts.HomePagetestscripts@44a664f2]" started-at="2019-10-01T06:02:40Z" name="tearDown" finished-at="2019-10-01T06:02:40Z" duration-ms="1" status="PASS">
          <params>
            <param index="0">
              <value>
                <![CDATA[[TestResult name=validatefooterForAboutUs status=SUCCESS method=HomePagetestscripts.validatefooterForAboutUs(java.lang.String)[pri:7, instance:com.atmecs.testScripts.HomePagetestscripts@44a664f2] output={null}]]]>
              </value>
            </param>
          </params>
          <reporter-output>
          </reporter-output>
        </test-method> <!-- tearDown -->
        <test-method signature="validatefooterForAboutUs(java.lang.String)[pri:7, instance:com.atmecs.testScripts.HomePagetestscripts@44a664f2]" started-at="2019-10-01T06:02:40Z" name="validatefooterForAboutUs" data-provider="footer2" finished-at="2019-10-01T06:02:40Z" duration-ms="0" status="PASS">
          <params>
            <param index="0">
              <value is-null="true"/>
            </param>
          </params>
          <reporter-output>
          </reporter-output>
        </test-method> <!-- validatefooterForAboutUs -->
        <test-method is-config="true" signature="tearDown(org.testng.ITestResult)[pri:0, instance:com.atmecs.testScripts.HomePagetestscripts@44a664f2]" started-at="2019-10-01T06:02:40Z" name="tearDown" finished-at="2019-10-01T06:02:40Z" duration-ms="0" status="PASS">
          <params>
            <param index="0">
              <value>
                <![CDATA[[TestResult name=validatefooterForAboutUs status=SUCCESS method=HomePagetestscripts.validatefooterForAboutUs(java.lang.String)[pri:7, instance:com.atmecs.testScripts.HomePagetestscripts@44a664f2] output={null}]]]>
              </value>
            </param>
          </params>
          <reporter-output>
          </reporter-output>
        </test-method> <!-- tearDown -->
        <test-method signature="clickHeaderPartners()[pri:8, instance:com.atmecs.testScripts.HomePagetestscripts@44a664f2]" started-at="2019-10-01T06:02:40Z" name="clickHeaderPartners" finished-at="2019-10-01T06:02:43Z" duration-ms="3023" status="PASS">
          <reporter-output>
          </reporter-output>
        </test-method> <!-- clickHeaderPartners -->
        <test-method is-config="true" signature="tearDown(org.testng.ITestResult)[pri:0, instance:com.atmecs.testScripts.HomePagetestscripts@44a664f2]" started-at="2019-10-01T06:02:43Z" name="tearDown" finished-at="2019-10-01T06:02:43Z" duration-ms="0" status="PASS">
          <params>
            <param index="0">
              <value>
                <![CDATA[[TestResult name=clickHeaderPartners status=SUCCESS method=HomePagetestscripts.clickHeaderPartners()[pri:8, instance:com.atmecs.testScripts.HomePagetestscripts@44a664f2] output={null}]]]>
              </value>
            </param>
          </params>
          <reporter-output>
          </reporter-output>
        </test-method> <!-- tearDown -->
        <test-method signature="validatefooterForPartner(java.lang.String)[pri:9, instance:com.atmecs.testScripts.HomePagetestscripts@44a664f2]" started-at="2019-10-01T06:02:43Z" name="validatefooterForPartner" data-provider="footer2" finished-at="2019-10-01T06:02:44Z" duration-ms="81" status="PASS">
          <params>
            <param index="0">
              <value>
                <![CDATA[Home]]>
              </value>
            </param>
          </params>
          <reporter-output>
          </reporter-output>
        </test-method> <!-- validatefooterForPartner -->
        <test-method signature="validatefooterForPartner(java.lang.String)[pri:9, instance:com.atmecs.testScripts.HomePagetestscripts@44a664f2]" started-at="2019-10-01T06:02:44Z" name="validatefooterForPartner" data-provider="footer2" finished-at="2019-10-01T06:02:44Z" duration-ms="65" status="PASS">
          <params>
            <param index="0">
              <value>
                <![CDATA[About Us]]>
              </value>
            </param>
          </params>
          <reporter-output>
          </reporter-output>
        </test-method> <!-- validatefooterForPartner -->
        <test-method is-config="true" signature="tearDown(org.testng.ITestResult)[pri:0, instance:com.atmecs.testScripts.HomePagetestscripts@44a664f2]" started-at="2019-10-01T06:02:44Z" name="tearDown" finished-at="2019-10-01T06:02:44Z" duration-ms="0" status="PASS">
          <params>
            <param index="0">
              <value>
                <![CDATA[[TestResult name=validatefooterForPartner status=SUCCESS method=HomePagetestscripts.validatefooterForPartner(java.lang.String)[pri:9, instance:com.atmecs.testScripts.HomePagetestscripts@44a664f2] output={null}]]]>
              </value>
            </param>
          </params>
          <reporter-output>
          </reporter-output>
        </test-method> <!-- tearDown -->
        <test-method is-config="true" signature="tearDown(org.testng.ITestResult)[pri:0, instance:com.atmecs.testScripts.HomePagetestscripts@44a664f2]" started-at="2019-10-01T06:02:44Z" name="tearDown" finished-at="2019-10-01T06:02:44Z" duration-ms="0" status="PASS">
          <params>
            <param index="0">
              <value>
                <![CDATA[[TestResult name=validatefooterForPartner status=SUCCESS method=HomePagetestscripts.validatefooterForPartner(java.lang.String)[pri:9, instance:com.atmecs.testScripts.HomePagetestscripts@44a664f2] output={null}]]]>
              </value>
            </param>
          </params>
          <reporter-output>
          </reporter-output>
        </test-method> <!-- tearDown -->
        <test-method signature="validatefooterForPartner(java.lang.String)[pri:9, instance:com.atmecs.testScripts.HomePagetestscripts@44a664f2]" started-at="2019-10-01T06:02:44Z" name="validatefooterForPartner" data-provider="footer2" finished-at="2019-10-01T06:02:44Z" duration-ms="57" status="PASS">
          <params>
            <param index="0">
              <value>
                <![CDATA[Services]]>
              </value>
            </param>
          </params>
          <reporter-output>
          </reporter-output>
        </test-method> <!-- validatefooterForPartner -->
        <test-method is-config="true" signature="tearDown(org.testng.ITestResult)[pri:0, instance:com.atmecs.testScripts.HomePagetestscripts@44a664f2]" started-at="2019-10-01T06:02:44Z" name="tearDown" finished-at="2019-10-01T06:02:44Z" duration-ms="1" status="PASS">
          <params>
            <param index="0">
              <value>
                <![CDATA[[TestResult name=validatefooterForPartner status=SUCCESS method=HomePagetestscripts.validatefooterForPartner(java.lang.String)[pri:9, instance:com.atmecs.testScripts.HomePagetestscripts@44a664f2] output={null}]]]>
              </value>
            </param>
          </params>
          <reporter-output>
          </reporter-output>
        </test-method> <!-- tearDown -->
        <test-method signature="validatefooterForPartner(java.lang.String)[pri:9, instance:com.atmecs.testScripts.HomePagetestscripts@44a664f2]" started-at="2019-10-01T06:02:44Z" name="validatefooterForPartner" data-provider="footer2" finished-at="2019-10-01T06:02:44Z" duration-ms="51" status="PASS">
          <params>
            <param index="0">
              <value>
                <![CDATA[Partners]]>
              </value>
            </param>
          </params>
          <reporter-output>
          </reporter-output>
        </test-method> <!-- validatefooterForPartner -->
        <test-method signature="validatefooterForPartner(java.lang.String)[pri:9, instance:com.atmecs.testScripts.HomePagetestscripts@44a664f2]" started-at="2019-10-01T06:02:44Z" name="validatefooterForPartner" data-provider="footer2" finished-at="2019-10-01T06:02:44Z" duration-ms="50" status="PASS">
          <params>
            <param index="0">
              <value>
                <![CDATA[Case Studies old]]>
              </value>
            </param>
          </params>
          <reporter-output>
          </reporter-output>
        </test-method> <!-- validatefooterForPartner -->
        <test-method is-config="true" signature="tearDown(org.testng.ITestResult)[pri:0, instance:com.atmecs.testScripts.HomePagetestscripts@44a664f2]" started-at="2019-10-01T06:02:44Z" name="tearDown" finished-at="2019-10-01T06:02:44Z" duration-ms="0" status="PASS">
          <params>
            <param index="0">
              <value>
                <![CDATA[[TestResult name=validatefooterForPartner status=SUCCESS method=HomePagetestscripts.validatefooterForPartner(java.lang.String)[pri:9, instance:com.atmecs.testScripts.HomePagetestscripts@44a664f2] output={null}]]]>
              </value>
            </param>
          </params>
          <reporter-output>
          </reporter-output>
        </test-method> <!-- tearDown -->
        <test-method is-config="true" signature="tearDown(org.testng.ITestResult)[pri:0, instance:com.atmecs.testScripts.HomePagetestscripts@44a664f2]" started-at="2019-10-01T06:02:44Z" name="tearDown" finished-at="2019-10-01T06:02:44Z" duration-ms="0" status="PASS">
          <params>
            <param index="0">
              <value>
                <![CDATA[[TestResult name=validatefooterForPartner status=SUCCESS method=HomePagetestscripts.validatefooterForPartner(java.lang.String)[pri:9, instance:com.atmecs.testScripts.HomePagetestscripts@44a664f2] output={null}]]]>
              </value>
            </param>
          </params>
          <reporter-output>
          </reporter-output>
        </test-method> <!-- tearDown -->
        <test-method signature="validatefooterForPartner(java.lang.String)[pri:9, instance:com.atmecs.testScripts.HomePagetestscripts@44a664f2]" started-at="2019-10-01T06:02:44Z" name="validatefooterForPartner" data-provider="footer2" finished-at="2019-10-01T06:02:44Z" duration-ms="48" status="PASS">
          <params>
            <param index="0">
              <value>
                <![CDATA[Careers]]>
              </value>
            </param>
          </params>
          <reporter-output>
          </reporter-output>
        </test-method> <!-- validatefooterForPartner -->
        <test-method is-config="true" signature="tearDown(org.testng.ITestResult)[pri:0, instance:com.atmecs.testScripts.HomePagetestscripts@44a664f2]" started-at="2019-10-01T06:02:44Z" name="tearDown" finished-at="2019-10-01T06:02:44Z" duration-ms="1" status="PASS">
          <params>
            <param index="0">
              <value>
                <![CDATA[[TestResult name=validatefooterForPartner status=SUCCESS method=HomePagetestscripts.validatefooterForPartner(java.lang.String)[pri:9, instance:com.atmecs.testScripts.HomePagetestscripts@44a664f2] output={null}]]]>
              </value>
            </param>
          </params>
          <reporter-output>
          </reporter-output>
        </test-method> <!-- tearDown -->
        <test-method signature="validatefooterForPartner(java.lang.String)[pri:9, instance:com.atmecs.testScripts.HomePagetestscripts@44a664f2]" started-at="2019-10-01T06:02:44Z" name="validatefooterForPartner" data-provider="footer2" finished-at="2019-10-01T06:02:44Z" duration-ms="59" status="PASS">
          <params>
            <param index="0">
              <value>
                <![CDATA[Contact Us]]>
              </value>
            </param>
          </params>
          <reporter-output>
          </reporter-output>
        </test-method> <!-- validatefooterForPartner -->
        <test-method is-config="true" signature="tearDown(org.testng.ITestResult)[pri:0, instance:com.atmecs.testScripts.HomePagetestscripts@44a664f2]" started-at="2019-10-01T06:02:44Z" name="tearDown" finished-at="2019-10-01T06:02:44Z" duration-ms="1" status="PASS">
          <params>
            <param index="0">
              <value>
                <![CDATA[[TestResult name=validatefooterForPartner status=SUCCESS method=HomePagetestscripts.validatefooterForPartner(java.lang.String)[pri:9, instance:com.atmecs.testScripts.HomePagetestscripts@44a664f2] output={null}]]]>
              </value>
            </param>
          </params>
          <reporter-output>
          </reporter-output>
        </test-method> <!-- tearDown -->
        <test-method signature="validatefooterForPartner(java.lang.String)[pri:9, instance:com.atmecs.testScripts.HomePagetestscripts@44a664f2]" started-at="2019-10-01T06:02:44Z" name="validatefooterForPartner" data-provider="footer2" finished-at="2019-10-01T06:02:44Z" duration-ms="59" status="PASS">
          <params>
            <param index="0">
              <value>
                <![CDATA[Automation Engineer]]>
              </value>
            </param>
          </params>
          <reporter-output>
          </reporter-output>
        </test-method> <!-- validatefooterForPartner -->
        <test-method is-config="true" signature="tearDown(org.testng.ITestResult)[pri:0, instance:com.atmecs.testScripts.HomePagetestscripts@44a664f2]" started-at="2019-10-01T06:02:44Z" name="tearDown" finished-at="2019-10-01T06:02:44Z" duration-ms="0" status="PASS">
          <params>
            <param index="0">
              <value>
                <![CDATA[[TestResult name=validatefooterForPartner status=SUCCESS method=HomePagetestscripts.validatefooterForPartner(java.lang.String)[pri:9, instance:com.atmecs.testScripts.HomePagetestscripts@44a664f2] output={null}]]]>
              </value>
            </param>
          </params>
          <reporter-output>
          </reporter-output>
        </test-method> <!-- tearDown -->
        <test-method signature="validatefooterForPartner(java.lang.String)[pri:9, instance:com.atmecs.testScripts.HomePagetestscripts@44a664f2]" started-at="2019-10-01T06:02:44Z" name="validatefooterForPartner" data-provider="footer2" finished-at="2019-10-01T06:02:44Z" duration-ms="48" status="PASS">
          <params>
            <param index="0">
              <value>
                <![CDATA[DevOps Engineer]]>
              </value>
            </param>
          </params>
          <reporter-output>
          </reporter-output>
        </test-method> <!-- validatefooterForPartner -->
        <test-method is-config="true" signature="tearDown(org.testng.ITestResult)[pri:0, instance:com.atmecs.testScripts.HomePagetestscripts@44a664f2]" started-at="2019-10-01T06:02:44Z" name="tearDown" finished-at="2019-10-01T06:02:44Z" duration-ms="1" status="PASS">
          <params>
            <param index="0">
              <value>
                <![CDATA[[TestResult name=validatefooterForPartner status=SUCCESS method=HomePagetestscripts.validatefooterForPartner(java.lang.String)[pri:9, instance:com.atmecs.testScripts.HomePagetestscripts@44a664f2] output={null}]]]>
              </value>
            </param>
          </params>
          <reporter-output>
          </reporter-output>
        </test-method> <!-- tearDown -->
        <test-method signature="validatefooterForPartner(java.lang.String)[pri:9, instance:com.atmecs.testScripts.HomePagetestscripts@44a664f2]" started-at="2019-10-01T06:02:44Z" name="validatefooterForPartner" data-provider="footer2" finished-at="2019-10-01T06:02:44Z" duration-ms="49" status="PASS">
          <params>
            <param index="0">
              <value>
                <![CDATA[Senior .NET Engineer]]>
              </value>
            </param>
          </params>
          <reporter-output>
          </reporter-output>
        </test-method> <!-- validatefooterForPartner -->
        <test-method is-config="true" signature="tearDown(org.testng.ITestResult)[pri:0, instance:com.atmecs.testScripts.HomePagetestscripts@44a664f2]" started-at="2019-10-01T06:02:44Z" name="tearDown" finished-at="2019-10-01T06:02:44Z" duration-ms="1" status="PASS">
          <params>
            <param index="0">
              <value>
                <![CDATA[[TestResult name=validatefooterForPartner status=SUCCESS method=HomePagetestscripts.validatefooterForPartner(java.lang.String)[pri:9, instance:com.atmecs.testScripts.HomePagetestscripts@44a664f2] output={null}]]]>
              </value>
            </param>
          </params>
          <reporter-output>
          </reporter-output>
        </test-method> <!-- tearDown -->
        <test-method signature="validatefooterForPartner(java.lang.String)[pri:9, instance:com.atmecs.testScripts.HomePagetestscripts@44a664f2]" started-at="2019-10-01T06:02:44Z" name="validatefooterForPartner" data-provider="footer2" finished-at="2019-10-01T06:02:44Z" duration-ms="45" status="PASS">
          <params>
            <param index="0">
              <value>
                <![CDATA[Senior Java/J2EE Engineer]]>
              </value>
            </param>
          </params>
          <reporter-output>
[...]
at org.openqa.selenium.remote.service.DriverCommandExecutor.execute(DriverCommandExecutor.java:83)
at org.openqa.selenium.remote.RemoteWebDriver.execute(RemoteWebDriver.java:552)
at org.openqa.selenium.remote.RemoteWebDriver.findElement(RemoteWebDriver.java:323)
at org.openqa.selenium.remote.RemoteWebDriver.findElementByXPath(RemoteWebDriver.java:428)
at org.openqa.selenium.By$ByXPath.findElement(By.java:353)
at org.openqa.selenium.remote.RemoteWebDriver.findElement(RemoteWebDriver.java:315)
at com.atmecs.helpers.WebUtility.getElement(WebUtility.java:96)
at com.atmecs.pages.InsightPage.validateBlogTitle(InsightPage.java:42)
at com.atmecs.testScripts.InsightsValidation.validateTitle(InsightsValidation.java:52)
at java.base/jdk.internal.reflect.NativeMethodAccessorImpl.invoke0(Native Method)
at java.base/jdk.internal.reflect.NativeMethodAccessorImpl.invoke(NativeMethodAccessorImpl.java:62)
at java.base/jdk.internal.reflect.DelegatingMethodAccessorImpl.invoke(DelegatingMethodAccessorImpl.java:43)
at java.base/java.lang.reflect.Method.invoke(Method.java:567)
at org.testng.internal.MethodInvocationHelper.invokeMethod(MethodInvocationHelper.java:124)
at org.testng.internal.Invoker.invokeMethod(Invoker.java:583)
at org.testng.internal.Invoker.invokeTestMethod(Invoker.java:719)
at org.testng.internal.Invoker.invokeTestMethods(Invoker.java:989)
at org.testng.internal.TestMethodWorker.invokeTestMethods(TestMethodWorker.java:125)
at org.testng.internal.TestMethodWorker.run(TestMethodWorker.java:109)
at org.testng.TestRunner.privateRun(TestRunner.java:648)
at org.testng.TestRunner.run(TestRunner.java:505)
at org.testng.SuiteRunner.runTest(SuiteRunner.java:455)
at org.testng.SuiteRunner.runSequentially(SuiteRunner.java:450)
at org.testng.SuiteRunner.privateRun(SuiteRunner.java:415)
at org.testng.SuiteRunner.run(SuiteRunner.java:364)
at org.testng.SuiteRunnerWorker.runSuite(SuiteRunnerWorker.java:52)
at org.testng.SuiteRunnerWorker.run(SuiteRunnerWorker.java:84)
at org.testng.TestNG.runSuitesSequentially(TestNG.java:1208)
at org.testng.TestNG.runSuitesLocally(TestNG.java:1137)
at org.testng.TestNG.runSuites(TestNG.java:1049)
at org.testng.TestNG.run(TestNG.java:1017)
at org.apache.maven.surefire.testng.TestNGExecutor.run(TestNGExecutor.java:283)
at org.apache.maven.surefire.testng.TestNGXmlTestSuite.execute(TestNGXmlTestSuite.java:75)
at org.apache.maven.surefire.testng.TestNGProvider.invoke(TestNGProvider.java:120)
at org.apache.maven.surefire.booter.ForkedBooter.invokeProviderInSameClassLoader(ForkedBooter.java:384)
at org.apache.maven.surefire.booter.ForkedBooter.runSuitesInProcess(ForkedBooter.java:345)
at org.apache.maven.surefire.booter.ForkedBooter.execute(ForkedBooter.java:126)
at org.apache.maven.surefire.booter.ForkedBooter.main(ForkedBooter.java:418)
]]>
            </full-stacktrace>
          </exception> <!-- org.openqa.selenium.NoSuchElementException -->
          <reporter-output>
          </reporter-output>
        </test-method> <!-- validateTitle -->
        <test-method is-config="true" signature="tearDown(org.testng.ITestResult)[pri:0, instance:com.atmecs.testScripts.InsightsValidation@55ca8de8]" started-at="2019-10-01T06:03:51Z" name="tearDown" finished-at="2019-10-01T06:03:52Z" duration-ms="655" status="PASS">
          <params>
            <param index="0">
              <value>
                <![CDATA[[TestResult name=validateTitle status=FAILURE method=InsightsValidation.validateTitle()[pri:22, instance:com.atmecs.testScripts.InsightsValidation@55ca8de8] output={null}]]]>
              </value>
            </param>
          </params>
          <reporter-output>
          </reporter-output>
        </test-method> <!-- tearDown -->
        <test-method signature="validateBreadCrumb()[pri:23, instance:com.atmecs.testScripts.InsightsValidation@55ca8de8]" started-at="2019-10-01T06:03:52Z" name="validateBreadCrumb" finished-at="2019-10-01T06:04:02Z" duration-ms="10137" status="FAIL">
          <exception class="org.openqa.selenium.NoSuchElementException">
            <message>
              <![CDATA[Unable to locate element: (//span[@class='breadcrumb'])[2]
For documentation on this error, please visit: https://www.seleniumhq.org/exceptions/no_such_element.html
Build info: version: '3.141.59', revision: 'e82be7d358', time: '2018-11-14T08:17:03'
System info: host: 'ATMECSINLT-038', ip: '55.55.52.193', os.name: 'Windows 10', os.arch: 'amd64', os.version: '10.0', java.version: '12.0.1'
Driver info: org.openqa.selenium.firefox.FirefoxDriver
Capabilities {acceptInsecureCerts: true, browserName: firefox, browserVersion: 69.0.1, javascriptEnabled: true, moz:accessibilityChecks: false, moz:buildID: 20190917135527, moz:geckodriverVersion: 0.24.0, moz:headless: false, moz:processID: 16124, moz:profile: C:\Users\saurabh.chauhan\Ap..., moz:shutdownTimeout: 60000, moz:useNonSpecCompliantPointerOrigin: false, moz:webdriverClick: true, pageLoadStrategy: normal, platform: WINDOWS, platformName: WINDOWS, platformVersion: 10.0, rotatable: false, setWindowRect: true, strictFileInteractability: false, timeouts: {implicit: 0, pageLoad: 300000, script: 30000}, unhandledPromptBehavior: dismiss and notify}
Session ID: 909c2369-8942-422d-be3b-8e3a0d7b29a9
*** Element info: {Using=xpath, value=(//span[@class='breadcrumb'])[2]}]]>
            </message>
            <full-stacktrace>
              <![CDATA[org.openqa.selenium.NoSuchElementException: Unable to locate element: (//span[@class='breadcrumb'])[2]
For documentation on this error, please visit: https://www.seleniumhq.org/exceptions/no_such_element.html
Build info: version: '3.141.59', revision: 'e82be7d358', time: '2018-11-14T08:17:03'
System info: host: 'ATMECSINLT-038', ip: '55.55.52.193', os.name: 'Windows 10', os.arch: 'amd64', os.version: '10.0', java.version: '12.0.1'
Driver info: org.openqa.selenium.firefox.FirefoxDriver
Capabilities {acceptInsecureCerts: true, browserName: firefox, browserVersion: 69.0.1, javascriptEnabled: true, moz:accessibilityChecks: false, moz:buildID: 20190917135527, moz:geckodriverVersion: 0.24.0, moz:headless: false, moz:processID: 16124, moz:profile: C:\Users\saurabh.chauhan\Ap..., moz:shutdownTimeout: 60000, moz:useNonSpecCompliantPointerOrigin: false, moz:webdriverClick: true, pageLoadStrategy: normal, platform: WINDOWS, platformName: WINDOWS, platformVersion: 10.0, rotatable: false, setWindowRect: true, strictFileInteractability: false, timeouts: {implicit: 0, pageLoad: 300000, script: 30000}, unhandledPromptBehavior: dismiss and notify}
Session ID: 909c2369-8942-422d-be3b-8e3a0d7b29a9
*** Element info: {Using=xpath, value=(//span[@class='breadcrumb'])[2]}
at java.base/jdk.internal.reflect.NativeConstructorAccessorImpl.newInstance0(Native Method)
at java.base/jdk.internal.reflect.NativeConstructorAccessorImpl.newInstance(NativeConstructorAccessorImpl.java:62)
at java.base/jdk.internal.reflect.DelegatingConstructorAccessorImpl.newInstance(DelegatingConstructorAccessorImpl.java:45)
at java.base/java.lang.reflect.Constructor.newInstanceWithCaller(Constructor.java:500)
at java.base/java.lang.reflect.Constructor.newInstance(Constructor.java:481)
at org.openqa.selenium.remote.http.W3CHttpResponseCodec.createException(W3CHttpResponseCodec.java:187)
at org.openqa.selenium.remote.http.W3CHttpResponseCodec.decode(W3CHttpResponseCodec.java:122)
at org.openqa.selenium.remote.http.W3CHttpResponseCodec.decode(W3CHttpResponseCodec.java:49)
at org.openqa.selenium.remote.HttpCommandExecutor.execute(HttpCommandExecutor.java:158)
at org.openqa.selenium.remote.service.DriverCommandExecutor.execute(DriverCommandExecutor.java:83)
at org.openqa.selenium.remote.RemoteWebDriver.execute(RemoteWebDriver.java:552)
at org.openqa.selenium.remote.RemoteWebDriver.findElement(RemoteWebDriver.java:323)
at org.openqa.selenium.remote.RemoteWebDriver.findElementByXPath(RemoteWebDriver.java:428)
at org.openqa.selenium.By$ByXPath.findElement(By.java:353)
at org.openqa.selenium.remote.RemoteWebDriver.findElement(RemoteWebDriver.java:315)
at com.atmecs.helpers.WebUtility.getElement(WebUtility.java:96)
at com.atmecs.pages.InsightPage.validateBreadcrumb(InsightPage.java:54)
at com.atmecs.testScripts.InsightsValidation.validateBreadCrumb(InsightsValidation.java:62)
at java.base/jdk.internal.reflect.NativeMethodAccessorImpl.invoke0(Native Method)
at java.base/jdk.internal.reflect.NativeMethodAccessorImpl.invoke(NativeMethodAccessorImpl.java:62)
at java.base/jdk.internal.reflect.DelegatingMethodAccessorImpl.invoke(DelegatingMethodAccessorImpl.java:43)
at java.base/java.lang.reflect.Method.invoke(Method.java:567)
at org.testng.internal.MethodInvocationHelper.invokeMethod(MethodInvocationHelper.java:124)
at org.testng.internal.Invoker.invokeMethod(Invoker.java:583)
at org.testng.internal.Invoker.invokeTestMethod(Invoker.java:719)
at org.testng.internal.Invoker.invokeTestMethods(Invoker.java:989)
at org.testng.internal.TestMethodWorker.invokeTestMethods(TestMethodWorker.java:125)
at org.testng.internal.TestMethodWorker.run(TestMethodWorker.java:109)
at org.testng.TestRunner.privateRun(TestRunner.java:648)
at org.testng.TestRunner.run(TestRunner.java:505)
at org.testng.SuiteRunner.runTest(SuiteRunner.java:455)
at org.testng.SuiteRunner.runSequentially(SuiteRunner.java:450)
at org.testng.SuiteRunner.privateRun(SuiteRunner.java:415)
at org.testng.SuiteRunner.run(SuiteRunner.java:364)
at org.testng.SuiteRunnerWorker.runSuite(SuiteRunnerWorker.java:52)
at org.testng.SuiteRunnerWorker.run(SuiteRunnerWorker.java:84)
at org.testng.TestNG.runSuitesSequentially(TestNG.java:1208)
at org.testng.TestNG.runSuitesLocally(TestNG.java:1137)
at org.testng.TestNG.runSuites(TestNG.java:1049)
at org.testng.TestNG.run(TestNG.java:1017)
at org.apache.maven.surefire.testng.TestNGExecutor.run(TestNGExecutor.java:283)
at org.apache.maven.surefire.testng.TestNGXmlTestSuite.execute(TestNGXmlTestSuite.java:75)
at org.apache.maven.surefire.testng.TestNGProvider.invoke(TestNGProvider.java:120)
at org.apache.maven.surefire.booter.ForkedBooter.invokeProviderInSameClassLoader(ForkedBooter.java:384)
at org.apache.maven.surefire.booter.ForkedBooter.runSuitesInProcess(ForkedBooter.java:345)
at org.apache.maven.surefire.booter.ForkedBooter.execute(ForkedBooter.java:126)
at org.apache.maven.surefire.booter.ForkedBooter.main(ForkedBooter.java:418)
]]>
            </full-stacktrace>
          </exception> <!-- org.openqa.selenium.NoSuchElementException -->
          <reporter-output>
          </reporter-output>
        </test-method> <!-- validateBreadCrumb -->
        <test-method is-config="true" signature="tearDown(org.testng.ITestResult)[pri:0, instance:com.atmecs.testScripts.InsightsValidation@55ca8de8]" started-at="2019-10-01T06:04:02Z" name="tearDown" finished-at="2019-10-01T06:04:02Z" duration-ms="109" status="PASS">
          <params>
            <param index="0">
              <value>
                <![CDATA[[TestResult name=validateBreadCrumb status=FAILURE method=InsightsValidation.validateBreadCrumb()[pri:23, instance:com.atmecs.testScripts.InsightsValidation@55ca8de8] output={null}]]]>
              </value>
            </param>
          </params>
          <reporter-output>
          </reporter-output>
        </test-method> <!-- tearDown -->
        <test-method signature="validateErrorMsg()[pri:24, instance:com.atmecs.testScripts.InsightsValidation@55ca8de8]" started-at="2019-10-01T06:04:02Z" name="validateErrorMsg" finished-at="2019-10-01T06:04:08Z" duration-ms="6073" status="FAIL">
          <exception class="org.openqa.selenium.NoSuchElementException">
            <message>
              <![CDATA[Unable to locate element: (//div[@id='respond']//form//p[@class='form-submit']//input)[1]
For documentation on this error, please visit: https://www.seleniumhq.org/exceptions/no_such_element.html
Build info: version: '3.141.59', revision: 'e82be7d358', time: '2018-11-14T08:17:03'
System info: host: 'ATMECSINLT-038', ip: '55.55.52.193', os.name: 'Windows 10', os.arch: 'amd64', os.version: '10.0', java.version: '12.0.1'
Driver info: org.openqa.selenium.firefox.FirefoxDriver
Capabilities {acceptInsecureCerts: true, browserName: firefox, browserVersion: 69.0.1, javascriptEnabled: true, moz:accessibilityChecks: false, moz:buildID: 20190917135527, moz:geckodriverVersion: 0.24.0, moz:headless: false, moz:processID: 16124, moz:profile: C:\Users\saurabh.chauhan\Ap..., moz:shutdownTimeout: 60000, moz:useNonSpecCompliantPointerOrigin: false, moz:webdriverClick: true, pageLoadStrategy: normal, platform: WINDOWS, platformName: WINDOWS, platformVersion: 10.0, rotatable: false, setWindowRect: true, strictFileInteractability: false, timeouts: {implicit: 0, pageLoad: 300000, script: 30000}, unhandledPromptBehavior: dismiss and notify}
Session ID: 909c2369-8942-422d-be3b-8e3a0d7b29a9
*** Element info: {Using=xpath, value=(//div[@id='respond']//form//p[@class='form-submit']//input)[1]}]]>
            </message>
            <full-stacktrace>
              <![CDATA[org.openqa.selenium.NoSuchElementException: Unable to locate element: (//div[@id='respond']//form//p[@class='form-submit']//input)[1]
For documentation on this error, please visit: https://www.seleniumhq.org/exceptions/no_such_element.html
Build info: version: '3.141.59', revision: 'e82be7d358', time: '2018-11-14T08:17:03'
System info: host: 'ATMECSINLT-038', ip: '55.55.52.193', os.name: 'Windows 10', os.arch: 'amd64', os.version: '10.0', java.version: '12.0.1'
Driver info: org.openqa.selenium.firefox.FirefoxDriver
Capabilities {acceptInsecureCerts: true, browserName: firefox, browserVersion: 69.0.1, javascriptEnabled: true, moz:accessibilityChecks: false, moz:buildID: 20190917135527, moz:geckodriverVersion: 0.24.0, moz:headless: false, moz:processID: 16124, moz:profile: C:\Users\saurabh.chauhan\Ap..., moz:shutdownTimeout: 60000, moz:useNonSpecCompliantPointerOrigin: false, moz:webdriverClick: true, pageLoadStrategy: normal, platform: WINDOWS, platformName: WINDOWS, platformVersion: 10.0, rotatable: false, setWindowRect: true, strictFileInteractability: false, timeouts: {implicit: 0, pageLoad: 300000, script: 30000}, unhandledPromptBehavior: dismiss and notify}
Session ID: 909c2369-8942-422d-be3b-8e3a0d7b29a9
*** Element info: {Using=xpath, value=(//div[@id='respond']//form//p[@class='form-submit']//input)[1]}
at java.base/jdk.internal.reflect.NativeConstructorAccessorImpl.newInstance0(Native Method)
at java.base/jdk.internal.reflect.NativeConstructorAccessorImpl.newInstance(NativeConstructorAccessorImpl.java:62)
at java.base/jdk.internal.reflect.DelegatingConstructorAccessorImpl.newInstance(DelegatingConstructorAccessorImpl.java:45)
at java.base/java.lang.reflect.Constructor.newInstanceWithCaller(Constructor.java:500)
at java.base/java.lang.reflect.Constructor.newInstance(Constructor.java:481)
at org.openqa.selenium.remote.http.W3CHttpResponseCodec.createException(W3CHttpResponseCodec.java:187)
at org.openqa.selenium.remote.http.W3CHttpResponseCodec.decode(W3CHttpResponseCodec.java:122)
at org.openqa.selenium.remote.http.W3CHttpResponseCodec.decode(W3CHttpResponseCodec.java:49)
at org.openqa.selenium.remote.HttpCommandExecutor.execute(HttpCommandExecutor.java:158)
at org.openqa.selenium.remote.service.DriverCommandExecutor.execute(DriverCommandExecutor.java:83)
at org.openqa.selenium.remote.RemoteWebDriver.execute(RemoteWebDriver.java:552)
at org.openqa.selenium.remote.RemoteWebDriver.findElement(RemoteWebDriver.java:323)
at org.openqa.selenium.remote.RemoteWebDriver.findElementByXPath(RemoteWebDriver.java:428)
at org.openqa.selenium.By$ByXPath.findElement(By.java:353)
at org.openqa.selenium.remote.RemoteWebDriver.findElement(RemoteWebDriver.java:315)
at com.atmecs.helpers.WebUtility$1.apply(WebUtility.java:41)
at com.atmecs.helpers.WebUtility$1.apply(WebUtility.java:1)
at org.openqa.selenium.support.ui.FluentWait.until(FluentWait.java:249)
at com.atmecs.helpers.WebUtility.clickElement(WebUtility.java:39)
at com.atmecs.testflow.BlogPageFlow.clickSubmit(BlogPageFlow.java:33)
at com.atmecs.testScripts.InsightsValidation.validateErrorMsg(InsightsValidation.java:70)
at java.base/jdk.internal.reflect.NativeMethodAccessorImpl.invoke0(Native Method)
at java.base/jdk.internal.reflect.NativeMethodAccessorImpl.invoke(NativeMethodAccessorImpl.java:62)
at java.base/jdk.internal.reflect.DelegatingMethodAccessorImpl.invoke(DelegatingMethodAccessorImpl.java:43)
at java.base/java.lang.reflect.Method.invoke(Method.java:567)
at org.testng.internal.MethodInvocationHelper.invokeMethod(MethodInvocationHelper.java:124)
at org.testng.internal.Invoker.invokeMethod(Invoker.java:583)
at org.testng.internal.Invoker.invokeTestMethod(Invoker.java:719)
at org.testng.internal.Invoker.invokeTestMethods(Invoker.java:989)
at org.testng.internal.TestMethodWorker.invokeTestMethods(TestMethodWorker.java:125)
at org.testng.internal.TestMethodWorker.run(TestMethodWorker.java:109)
at org.testng.TestRunner.privateRun(TestRunner.java:648)
at org.testng.TestRunner.run(TestRunner.java:505)
at org.testng.SuiteRunner.runTest(SuiteRunner.java:455)
at org.testng.SuiteRunner.runSequentially(SuiteRunner.java:450)
at org.testng.SuiteRunner.privateRun(SuiteRunner.java:415)
at org.testng.SuiteRunner.run(SuiteRunner.java:364)
at org.testng.SuiteRunnerWorker.runSuite(SuiteRunnerWorker.java:52)
at org.testng.SuiteRunnerWorker.run(SuiteRunnerWorker.java:84)
at org.testng.TestNG.runSuitesSequentially(TestNG.java:1208)
at org.testng.TestNG.runSuitesLocally(TestNG.java:1137)
at org.testng.TestNG.runSuites(TestNG.java:1049)
at org.testng.TestNG.run(TestNG.java:1017)
at org.apache.maven.surefire.testng.TestNGExecutor.run(TestNGExecutor.java:283)
at org.apache.maven.surefire.testng.TestNGXmlTestSuite.execute(TestNGXmlTestSuite.java:75)
at org.apache.maven.surefire.testng.TestNGProvider.invoke(TestNGProvider.java:120)
at org.apache.maven.surefire.booter.ForkedBooter.invokeProviderInSameClassLoader(ForkedBooter.java:384)
at org.apache.maven.surefire.booter.ForkedBooter.runSuitesInProcess(ForkedBooter.java:345)
at org.apache.maven.surefire.booter.ForkedBooter.execute(ForkedBooter.java:126)
at org.apache.maven.surefire.booter.ForkedBooter.main(ForkedBooter.java:418)
]]>
            </full-stacktrace>
          </exception> <!-- org.openqa.selenium.NoSuchElementException -->
          <reporter-output>
          </reporter-output>
        </test-method> <!-- validateErrorMsg -->
        <test-method is-config="true" signature="tearDown(org.testng.ITestResult)[pri:0, instance:com.atmecs.testScripts.InsightsValidation@55ca8de8]" started-at="2019-10-01T06:04:08Z" name="tearDown" finished-at="2019-10-01T06:04:09Z" duration-ms="140" status="PASS">
          <params>
            <param index="0">
              <value>
                <![CDATA[[TestResult name=validateErrorMsg status=FAILURE method=InsightsValidation.validateErrorMsg()[pri:24, instance:com.atmecs.testScripts.InsightsValidation@55ca8de8] output={null}]]]>
              </value>
            </param>
          </params>
          <reporter-output>
          </reporter-output>
        </test-method> <!-- tearDown -->
        <test-method is-config="true" signature="print()[pri:0, instance:com.atmecs.testScripts.InsightsValidation@55ca8de8]" started-at="2019-10-01T06:04:09Z" name="print" finished-at="2019-10-01T06:04:11Z" duration-ms="2363" status="PASS">
          <reporter-output>
          </reporter-output>
        </test-method> <!-- print -->
        <test-method is-config="true" signature="endReport()[pri:0, instance:com.atmecs.testScripts.InsightsValidation@55ca8de8]" started-at="2019-10-01T06:04:11Z" name="endReport" finished-at="2019-10-01T06:04:12Z" duration-ms="517" status="PASS">
          <reporter-output>
          </reporter-output>
        </test-method> <!-- endReport -->
      </class> <!-- com.atmecs.testScripts.InsightsValidation -->
    </test> <!-- InsightPageTest -->
  </suite> <!-- Suite -->
</testng-results>
